This is pdfTeX, Version 3.1415926-2.5-1.40.14 (TeX Live 2013/Debian) (format=latex 2018.11.6)  7 JAN 2019 17:24
entering extended mode
 restricted \write18 enabled.
 %&-line parsing enabled.
**ice-melt-percolate-grl-supplementary.tex
(./ice-melt-percolate-grl-supplementary.tex
LaTeX2e <2011/06/27>
Babel <3.9h> and hyphenation patterns for 36 languages loaded.
(./agutexSI2018.cls


 AGUTeX Journal Style, American Geophysical Union 
 This version is dated Aug 23, 2018


Document Class: agutexSI2018 08/23/2018
\c@chapter=\count79
\c@section=\count80
\c@subsection=\count81
\c@subsubsection=\count82
\c@figure=\count83
\c@table=\count84
\mathindent=\dimen102
\abovefigcaptionskip=\skip41
\abovetabcaptionskip=\skip42
\abovetableskip=\skip43
\belowtabcaptionskip=\dimen103
\landscapebox=\box26
\c@plate=\count85
\savecurrtable=\box27
\abovetabularskip=\skip44
\belowtabularskip=\skip45
\timing=\count86
\hourcount=\count87
\oldtime=\count88
\totpages=\count89
\belowtitleskip=\dimen104
\abovesubtitleskip=\dimen105
\belowsubtitleskip=\dimen106
\aboveauthorskip=\dimen107
\belowauthorskip=\dimen108
\thanksnum=\count90
\dothanks=\count91
\thankscounter=\count92
\titlethanksnum=\count93
\dotitlethanks=\count94
\titlethankscounter=\count95
\thanksnum=\count96
\dothanks=\count97
\thankscounter=\count98
\authorwidth=\dimen109
\authorbaselineskip=\dimen110
\aboveaffilskip=\dimen111
\belowaffilskip=\dimen112
\affilwidth=\dimen113
\aboveabstractskip=\dimen114
\belowabstractskip=\dimen115
\belowabstractnameskip=\dimen116
\abstractmargin=\dimen117
\abovereceivedskip=\skip46
\aboverevisedskip=\skip47
\aboveacceptedskip=\skip48
\abovepublishededskip=\skip49
\barticle=\box28
\thanksbox=\box29
\titlethanksbox=\box30
\c@appendnum=\count99
\footnum=\count100
\savefootnum=\count101
\ackskip=\skip50
\saveparskip=\dimen118
\captionskip=\dimen119
\PushOneColTopFig=\dimen120
\PushOneColBotFig=\dimen121
\PushOneColTopTab=\dimen122
\PushOneColBotTab=\dimen123
\PushTwoColTopFig=\dimen124
\PushTwoColBotFig=\dimen125
\PushTwoColTopTab=\dimen126
\PushTwoColBotTab=\dimen127
\intextfloatskip=\skip51
\c@appfigure=\count102
\c@apptable=\count103
\c@appplate=\count104
\checkforspace=\dimen128
\savetopinsert=\box31
\savebotinsert=\box32
\secondsavetopinsert=\box33
\secondsavebotinsert=\box34
\firstcolbox=\box35
\secondcolbox=\box36
\thefirstbox=\box37
\thesecondbox=\box38
\firstcol=\dimen129
\secondcol=\dimen130
\checkheight=\dimen131
\loopnum=\count105
\firstcolsavefignum=\count106
\footnotebox=\box39
\ColUsed=\dimen132
\FigSpace=\dimen133
\testdblbotins=\box40
\pageloopnum=\count107
\endcolsavetopinsert=\box41
\endcolsavebotinsert=\box42
\testpagesize=\box43
\savelastskip=\dimen134
\partialpage=\box44
\figandtabnumber=\count108
\figandtabbox=\box45
\pagefloatnumber=\count109
\sizeoffloat=\box46
\bogus=\count110
\figinsert=\insert233
\herebox=\box47
\endfigbox=\box48
\spanbox=\box49
\dbltopins=\box50
\dblbotins=\box51
\dblbotskip=\skip52
\dblfigandtabnumber=\count111
\dblfigandtabbox=\box52
\dblloopnum=\count112
\savedblfigandtabnumber=\count113
\dblspanherebox=\box53
\bigpagenum=\count114
\littlepagenum=\count115
\wholepagenum=\count116
\@cprtype=\count117
\@slugcmmntwidth=\dimen135
\affilnum=\count118
\totalaffils=\count119
\figcount=\count120
\saveequation=\count121
\c@currlett=\count122
\notationwidth=\dimen136
\betweennotationskip=\skip53
\WidestEntry=\dimen137
\premulticols=\dimen138
\page@free=\dimen139
\partial@page=\box54
\multicoltolerance=\count123
\doublecol@number=\count124
\multicolbaselineskip=\skip54
\c@collectmore=\count125
\loopcount=\count126
\fixdimen=\dimen140
\c@unbalance=\count127
\savedimen=\dimen141
\savehsize=\dimen142
\mycolumnwidth=\dimen143
\saveparindent=\dimen144
\saveparskip=\dimen145
\abstractwidth=\dimen146
\currlastnumber=\count128
\altaffilbox=\box55
\sectskip=\skip55
\belowsectionskip=\skip56
\subsectskip=\skip57
\belowsubsectskip=\skip58
\subsubsectskip=\skip59
\belowsubsubsectskip=\skip60
\c@subsubsubsection=\count129
\captionwidth=\dimen147
\widecaptionwidth=\dimen148
\landscapecaptionwidth=\dimen149
\@temptokenb=\toks14
(/usr/share/texlive/texmf-dist/tex/latex/apacite/apacite.sty
Package: apacite 2013/07/21 v6.03 APA citation
\c@BibCnt=\count130
\bibleftmargin=\skip61
\bibindent=\skip62
\bibparsep=\skip63
\bibitemsep=\skip64
\biblabelsep=\skip65
)
(/usr/share/texlive/texmf-dist/tex/latex/natbib/natbib.sty
Package: natbib 2010/09/13 8.31b (PWD, AO)
\bibhang=\skip66
\bibsep=\skip67
LaTeX Info: Redefining \cite on input line 694.
\c@NAT@ctr=\count131
)
LaTeX Info: Redefining \BBA on input line 5192.

(/usr/share/texlive/texmf-dist/tex/latex/url/url.sty
\Urlmuskip=\muskip10
Package: url 2013/09/16  ver 3.4  Verb mode for urls, etc.
)
\beforeendskip=\skip68



 GRL class option, October 1, 2001,
 \documentclass[grl]{AGUTeX}
 ``Geophysical Research Letters'', 
 Published by American Geophysical Union


\titlesize=\dimen150
) (/usr/share/texlive/texmf-dist/tex/latex/graphics/graphicx.sty
Package: graphicx 1999/02/16 v1.0f Enhanced LaTeX Graphics (DPC,SPQR)

(/usr/share/texlive/texmf-dist/tex/latex/graphics/keyval.sty
Package: keyval 1999/03/16 v1.13 key=value parser (DPC)
\KV@toks@=\toks15
)
(/usr/share/texlive/texmf-dist/tex/latex/graphics/graphics.sty
Package: graphics 2009/02/05 v1.0o Standard LaTeX Graphics (DPC,SPQR)

(/usr/share/texlive/texmf-dist/tex/latex/graphics/trig.sty
Package: trig 1999/03/16 v1.09 sin cos tan (DPC)
)
(/usr/share/texlive/texmf-dist/tex/latex/latexconfig/graphics.cfg
File: graphics.cfg 2010/04/23 v1.9 graphics configuration of TeX Live
)
Package graphics Info: Driver file: dvips.def on input line 91.

(/usr/share/texlive/texmf-dist/tex/latex/graphics/dvips.def
File: dvips.def 1999/02/16 v3.0i Driver-dependant file (DPC,SPQR)
))
\Gin@req@height=\dimen151
\Gin@req@width=\dimen152
)
(./ice-melt-percolate-grl-supplementary.aux)
\openout1 = `ice-melt-percolate-grl-supplementary.aux'.

LaTeX Font Info:    Checking defaults for OML/cmm/m/it on input line 73.
LaTeX Font Info:    ... okay on input line 73.
LaTeX Font Info:    Checking defaults for T1/cmr/m/n on input line 73.
LaTeX Font Info:    ... okay on input line 73.
LaTeX Font Info:    Checking defaults for OT1/cmr/m/n on input line 73.
LaTeX Font Info:    ... okay on input line 73.
LaTeX Font Info:    Checking defaults for OMS/cmsy/m/n on input line 73.
LaTeX Font Info:    ... okay on input line 73.
LaTeX Font Info:    Checking defaults for OMX/cmex/m/n on input line 73.
LaTeX Font Info:    ... okay on input line 73.
LaTeX Font Info:    Checking defaults for U/cmr/m/n on input line 73.
LaTeX Font Info:    ... okay on input line 73.
\c@maskedRefs=\count132

(/usr/share/texlive/texmf-dist/tex/latex/apacite/english.apc
File: english.apc 2013/07/21 v6.03 apacite language file
LaTeX Info: Redefining \BPBI on input line 129.
LaTeX Info: Redefining \BHBI on input line 130.
)
LaTeX Font Info:    External font `cmex10' loaded for size
(Font)              <17.28> on input line 84.
LaTeX Font Info:    External font `cmex10' loaded for size
(Font)              <12> on input line 84.
LaTeX Font Info:    External font `cmex10' loaded for size
(Font)              <8> on input line 84.
LaTeX Font Info:    External font `cmex10' loaded for size
(Font)              <6> on input line 84.
LaTeX Font Info:    External font `cmex10' loaded for size
(Font)              <5> on input line 89.
 [1

] [2

] [3]
[4] [5] [6] [7] [8] [9] [10] (./ice-melt-percolate-grl-supplementary.bbl
[11] [12] [13] [14]) [15]
File: ../figures/version05/supp-figure1.eps Graphic file (type eps)
 <../figures/version05/supp-figure1.eps>
Overfull \hbox (37.98pt too wide) in paragraph at lines 279--280
[][]
 []


Underfull \hbox (badness 10000) in paragraph at lines 279--280

 []

File: ../figures/version05/supp-figure2.eps Graphic file (type eps)
<../figures/version05/supp-figure2.eps>
Overfull \hbox (37.98pt too wide) in paragraph at lines 286--287
[][]
 []


Underfull \hbox (badness 10000) in paragraph at lines 286--287

 []

File: ../figures/version05/supp-figure5.eps Graphic file (type eps)
<../figures/version05/supp-figure5.eps> [16] [17] [18]
(./ice-melt-percolate-grl-supplementary.aux) ) 
Here is how much of TeX's memory you used:
 2269 strings out of 494186
 29081 string characters out of 6159775
 96505 words of memory out of 5000000
 5681 multiletter control sequences out of 15000+600000
 13932 words of font info for 48 fonts, out of 8000000 for 9000
 416 hyphenation exceptions out of 8191
 30i,7n,29p,1607b,460s stack positions out of 5000i,500n,10000p,200000b,80000s

Output written on ice-melt-percolate-grl-supplementary.dvi (18 pages, 39992 byt
es).
