This is pdfTeX, Version 3.1415926-2.5-1.40.14 (TeX Live 2013/Debian) (format=pdflatex 2018.11.6)  8 JAN 2019 10:30
entering extended mode
 restricted \write18 enabled.
 %&-line parsing enabled.
**ice-melt-percolate-grl.tex
(./ice-melt-percolate-grl.tex
LaTeX2e <2011/06/27>
Babel <3.9h> and hyphenation patterns for 36 languages loaded.
(./agujournal2018.cls
Document Class: agujournal2018 08/23/2018
(/usr/share/texlive/texmf-dist/tex/latex/graphics/graphicx.sty
Package: graphicx 1999/02/16 v1.0f Enhanced LaTeX Graphics (DPC,SPQR)

(/usr/share/texlive/texmf-dist/tex/latex/graphics/keyval.sty
Package: keyval 1999/03/16 v1.13 key=value parser (DPC)
\KV@toks@=\toks14
)
(/usr/share/texlive/texmf-dist/tex/latex/graphics/graphics.sty
Package: graphics 2009/02/05 v1.0o Standard LaTeX Graphics (DPC,SPQR)

(/usr/share/texlive/texmf-dist/tex/latex/graphics/trig.sty
Package: trig 1999/03/16 v1.09 sin cos tan (DPC)
)
(/usr/share/texlive/texmf-dist/tex/latex/latexconfig/graphics.cfg
File: graphics.cfg 2010/04/23 v1.9 graphics configuration of TeX Live
)
Package graphics Info: Driver file: pdftex.def on input line 91.

(/usr/share/texlive/texmf-dist/tex/latex/pdftex-def/pdftex.def
File: pdftex.def 2011/05/27 v0.06d Graphics/color for pdfTeX

(/usr/share/texlive/texmf-dist/tex/generic/oberdiek/infwarerr.sty
Package: infwarerr 2010/04/08 v1.3 Providing info/warning/error messages (HO)
)
(/usr/share/texlive/texmf-dist/tex/generic/oberdiek/ltxcmds.sty
Package: ltxcmds 2011/11/09 v1.22 LaTeX kernel commands for general use (HO)
)
\Gread@gobject=\count79
))
\Gin@req@height=\dimen102
\Gin@req@width=\dimen103
)
(/usr/share/texmf/tex/latex/xcolor/xcolor.sty
Package: xcolor 2007/01/21 v2.11 LaTeX color extensions (UK)

(/usr/share/texlive/texmf-dist/tex/latex/latexconfig/color.cfg
File: color.cfg 2007/01/18 v1.5 color configuration of teTeX/TeXLive
)
Package xcolor Info: Driver file: pdftex.def on input line 225.
Package xcolor Info: Model `cmy' substituted by `cmy0' on input line 1337.
Package xcolor Info: Model `hsb' substituted by `rgb' on input line 1341.
Package xcolor Info: Model `RGB' extended on input line 1353.
Package xcolor Info: Model `HTML' substituted by `rgb' on input line 1355.
Package xcolor Info: Model `Hsb' substituted by `hsb' on input line 1356.
Package xcolor Info: Model `tHsb' substituted by `hsb' on input line 1357.
Package xcolor Info: Model `HSB' substituted by `hsb' on input line 1358.
Package xcolor Info: Model `Gray' substituted by `gray' on input line 1359.
Package xcolor Info: Model `wave' substituted by `hsb' on input line 1360.
)
(/usr/share/texlive/texmf-dist/tex/latex/url/url.sty
\Urlmuskip=\muskip10
Package: url 2013/09/16  ver 3.4  Verb mode for urls, etc.
) (./trackchanges.sty
Package: trackchanges 2009/04/22 v0.7.0 TrackChanges file 

(/usr/share/texlive/texmf-dist/tex/latex/base/ifthen.sty
Package: ifthen 2001/05/26 v1.1c Standard LaTeX ifthen package (DPC)
)
(/usr/share/texlive/texmf-dist/tex/latex/tools/calc.sty
Package: calc 2007/08/22 v4.3 Infix arithmetic (KKT,FJ)
\calc@Acount=\count80
\calc@Bcount=\count81
\calc@Adimen=\dimen104
\calc@Bdimen=\dimen105
\calc@Askip=\skip41
\calc@Bskip=\skip42
LaTeX Info: Redefining \setlength on input line 76.
LaTeX Info: Redefining \addtolength on input line 77.
\calc@Ccount=\count82
\calc@Cskip=\skip43
)
(/usr/share/texlive/texmf-dist/tex/latex/soul/soul.sty
Package: soul 2003/11/17 v2.4 letterspacing/underlining (mf)
\SOUL@word=\toks15
\SOUL@lasttoken=\toks16
\SOUL@cmds=\toks17
\SOUL@buffer=\toks18
\SOUL@token=\toks19
\SOUL@spaceskip=\skip44
\SOUL@ttwidth=\dimen106
\SOUL@uldp=\dimen107
\SOUL@ulht=\dimen108
)
(/usr/share/texlive/texmf-dist/tex/latex/morefloats/morefloats.sty
Package: morefloats 2012/01/28 v1.0f Raise limit of unprocessed floats (HMM; DH
)

(/usr/share/texlive/texmf-dist/tex/latex/oberdiek/kvoptions.sty
Package: kvoptions 2011/06/30 v3.11 Key value format for package options (HO)

(/usr/share/texlive/texmf-dist/tex/generic/oberdiek/kvsetkeys.sty
Package: kvsetkeys 2012/04/25 v1.16 Key value parser (HO)

(/usr/share/texlive/texmf-dist/tex/generic/oberdiek/etexcmds.sty
Package: etexcmds 2011/02/16 v1.5 Avoid name clashes with e-TeX commands (HO)

(/usr/share/texlive/texmf-dist/tex/generic/oberdiek/ifluatex.sty
Package: ifluatex 2010/03/01 v1.3 Provides the ifluatex switch (HO)
Package ifluatex Info: LuaTeX not detected.
)
Package etexcmds Info: Could not find \expanded.
(etexcmds)             That can mean that you are not using pdfTeX 1.50 or
(etexcmds)             that some package has redefined \expanded.
(etexcmds)             In the latter case, load this package earlier.
)))
Package morefloats Info: Maximum number of possible floats asked for: 36.
(morefloats)             LaTeX might run out of memory before this
(morefloats)             (in which case it will notify you).
(morefloats)              on input line 171.
\bx@S=\insert233
\bx@T=\insert232
\bx@U=\insert231
\bx@V=\insert230
\bx@W=\insert229
\bx@X=\insert228
\bx@Y=\insert227
\bx@Z=\insert226
\bx@AA=\insert225
\bx@AB=\insert224
\bx@AC=\insert223
\bx@AD=\insert222
\bx@AE=\insert221
\bx@AF=\insert220
\bx@AG=\insert219
\bx@AH=\insert218
\bx@AI=\insert217
\bx@AJ=\insert216
)
\c@userid=\count83
\c@changenumber=\count84
\c@storefootnote=\count85
\c@numeditors=\count86
\c@maxeditors=\count87
)
(/usr/share/texlive/texmf-dist/tex/latex/lineno/lineno.sty
Package: lineno 2005/11/02 line numbers on paragraphs v4.41
\linenopenalty=\count88
\output=\toks20
\linenoprevgraf=\count89
\linenumbersep=\dimen109
\linenumberwidth=\dimen110
\c@linenumber=\count90
\c@pagewiselinenumber=\count91
\c@LN@truepage=\count92
\c@internallinenumber=\count93
\c@internallinenumbers=\count94
\quotelinenumbersep=\dimen111
\bframerule=\dimen112
\bframesep=\dimen113
\bframebox=\box26
LaTeX Info: Redefining \\ on input line 3056.
)
(/usr/share/texlive/texmf-dist/tex/latex/tools/indentfirst.sty
Package: indentfirst 1995/11/23 v1.03 Indent first paragraph (DPC)
)
(/usr/share/texlive/texmf-dist/tex/latex/ms/ragged2e.sty
Package: ragged2e 2009/05/21 v2.1 ragged2e Package (MS)

(/usr/share/texlive/texmf-dist/tex/latex/ms/everysel.sty
Package: everysel 2011/10/28 v1.2 EverySelectfont Package (MS)
)
\CenteringLeftskip=\skip45
\RaggedLeftLeftskip=\skip46
\RaggedRightLeftskip=\skip47
\CenteringRightskip=\skip48
\RaggedLeftRightskip=\skip49
\RaggedRightRightskip=\skip50
\CenteringParfillskip=\skip51
\RaggedLeftParfillskip=\skip52
\RaggedRightParfillskip=\skip53
\JustifyingParfillskip=\skip54
\CenteringParindent=\skip55
\RaggedLeftParindent=\skip56
\RaggedRightParindent=\skip57
\JustifyingParindent=\skip58
)
(/usr/share/texlive/texmf-dist/tex/latex/rotating/rotating.sty
Package: rotating 2009/03/28 v2.16a rotated objects in LaTeX
\c@r@tfl@t=\count95
\rotFPtop=\skip59
\rotFPbot=\skip60
\rot@float@box=\box27
\rot@mess@toks=\toks21
)
(/usr/share/texlive/texmf-dist/tex/generic/ulem/ulem.sty
\UL@box=\box28
\UL@hyphenbox=\box29
\UL@skip=\skip61
\UL@hook=\toks22
\UL@height=\dimen114
\UL@pe=\count96
\UL@pixel=\dimen115
\ULC@box=\box30
Package: ulem 2012/05/18
\ULdepth=\dimen116
)
\draftskip=\count97
\c@section=\count98
\c@subsection=\count99
\c@subsubsection=\count100
\c@paragraph=\count101
\c@subparagraph=\count102
\c@figure=\count103
\c@table=\count104
\abovecaptionskip=\skip62
\belowcaptionskip=\skip63
\c@appendnum=\count105
\bibindent=\dimen117

(/usr/share/texlive/texmf-dist/tex/latex/apacite/apacite.sty
Package: apacite 2013/07/21 v6.03 APA citation
\c@BibCnt=\count106
\bibleftmargin=\skip64
\bibindent=\skip65
\bibparsep=\skip66
\bibitemsep=\skip67
\biblabelsep=\skip68
)
(/usr/share/texlive/texmf-dist/tex/latex/natbib/natbib.sty
Package: natbib 2010/09/13 8.31b (PWD, AO)
\bibhang=\skip69
\bibsep=\skip70
LaTeX Info: Redefining \cite on input line 694.
\c@NAT@ctr=\count107
)
LaTeX Info: Redefining \BBA on input line 1149.
)
(./ice-melt-percolate-grl.aux)
\openout1 = `ice-melt-percolate-grl.aux'.

LaTeX Font Info:    Checking defaults for OML/cmm/m/it on input line 9.
LaTeX Font Info:    ... okay on input line 9.
LaTeX Font Info:    Checking defaults for T1/cmr/m/n on input line 9.
LaTeX Font Info:    ... okay on input line 9.
LaTeX Font Info:    Checking defaults for OT1/cmr/m/n on input line 9.
LaTeX Font Info:    ... okay on input line 9.
LaTeX Font Info:    Checking defaults for OMS/cmsy/m/n on input line 9.
LaTeX Font Info:    ... okay on input line 9.
LaTeX Font Info:    Checking defaults for OMX/cmex/m/n on input line 9.
LaTeX Font Info:    ... okay on input line 9.
LaTeX Font Info:    Checking defaults for U/cmr/m/n on input line 9.
LaTeX Font Info:    ... okay on input line 9.

(/usr/share/texlive/texmf-dist/tex/context/base/supp-pdf.mkii
[Loading MPS to PDF converter (version 2006.09.02).]
\scratchcounter=\count108
\scratchdimen=\dimen118
\scratchbox=\box31
\nofMPsegments=\count109
\nofMParguments=\count110
\everyMPshowfont=\toks23
\MPscratchCnt=\count111
\MPscratchDim=\dimen119
\MPnumerator=\count112
\makeMPintoPDFobject=\count113
\everyMPtoPDFconversion=\toks24
) (/usr/share/texlive/texmf-dist/tex/generic/oberdiek/pdftexcmds.sty
Package: pdftexcmds 2011/11/29 v0.20 Utility functions of pdfTeX for LuaTeX (HO
)

(/usr/share/texlive/texmf-dist/tex/generic/oberdiek/ifpdf.sty
Package: ifpdf 2011/01/30 v2.3 Provides the ifpdf switch (HO)
Package ifpdf Info: pdfTeX in PDF mode is detected.
)
Package pdftexcmds Info: LuaTeX not detected.
Package pdftexcmds Info: \pdf@primitive is available.
Package pdftexcmds Info: \pdf@ifprimitive is available.
Package pdftexcmds Info: \pdfdraftmode found.
)
(/usr/share/texlive/texmf-dist/tex/latex/oberdiek/epstopdf-base.sty
Package: epstopdf-base 2010/02/09 v2.5 Base part for package epstopdf

(/usr/share/texlive/texmf-dist/tex/latex/oberdiek/grfext.sty
Package: grfext 2010/08/19 v1.1 Manage graphics extensions (HO)

(/usr/share/texlive/texmf-dist/tex/generic/oberdiek/kvdefinekeys.sty
Package: kvdefinekeys 2011/04/07 v1.3 Define keys (HO)
))
Package grfext Info: Graphics extension search list:
(grfext)             [.png,.pdf,.jpg,.mps,.jpeg,.jbig2,.jb2,.PNG,.PDF,.JPG,.JPE
G,.JBIG2,.JB2,.eps]
(grfext)             \AppendGraphicsExtensions on input line 452.

(/usr/share/texlive/texmf-dist/tex/latex/latexconfig/epstopdf-sys.cfg
File: epstopdf-sys.cfg 2010/07/13 v1.3 Configuration of (r)epstopdf for TeX Liv
e
))

Package trackchanges Warning: TrackChanges is not compatable with the 
(trackchanges)                'ulem' package.
(trackchanges)                Use the 'soul' package instead.

ABD: EverySelectfont initializing macros
LaTeX Info: Redefining \selectfont on input line 9.
\c@maskedRefs=\count114

(/usr/share/texlive/texmf-dist/tex/latex/apacite/english.apc
File: english.apc 2013/07/21 v6.03 apacite language file
LaTeX Info: Redefining \BPBI on input line 129.
LaTeX Info: Redefining \BHBI on input line 130.
)
LaTeX Font Info:    External font `cmex10' loaded for size
(Font)              <14.4> on input line 11.
LaTeX Font Info:    External font `cmex10' loaded for size
(Font)              <7> on input line 11.
LaTeX Font Info:    External font `cmex10' loaded for size
(Font)              <5> on input line 13.
LaTeX Font Info:    External font `cmex10' loaded for size
(Font)              <8> on input line 15.
LaTeX Font Info:    External font `cmex10' loaded for size
(Font)              <6> on input line 15.
LaTeX Font Info:    External font `cmex10' loaded for size
(Font)              <9> on input line 20.

Overfull \hbox (8.29338pt too wide) in paragraph at lines 24--25
[]\OT1/cmr/m/n/10 We com-bine a new his-tory of Ice-landic ice-cover with a for
-ward model of magma 
 []


Overfull \hbox (2.18242pt too wide) in paragraph at lines 25--26
[]\OT1/cmr/m/n/10 Magmatism is in-flu-enced by both the rate of deglacia-tion a
nd, im-por-tantly, the 
 []


Overfull \hbox (9.87677pt too wide) in paragraph at lines 26--27
[]\OT1/cmr/m/n/10 For our model to be con-sis-tent with ob-ser-va-tions the rat
e of melt trans-port must 
 []

[1{/var/lib/texmf/fonts/map/pdftex/updmap/pdftex.map}]
Overfull \hbox (12.1546pt too wide) in paragraph at lines 29--31
\OT1/cmr/m/n/10 Climate cy-cles may sig-nif-i-cantly af-fect the erup-tive be-h
av-ior of ter-res-trial vol-ca-noes due 
 []


Overfull \hbox (3.98787pt too wide) in paragraph at lines 29--31
\OT1/cmr/m/n/10 to pres-sure changes caused by glacial load-ing, which raises t
he pos-si-bil-ity that cli-mate 
 []


Overfull \hbox (8.5019pt too wide) in paragraph at lines 29--31
\OT1/cmr/m/n/10 change may mod-u-late CO$[]$ de-gassing via vol-can-ism. In Ice
-land, mag-ma-tism is likely to 
 []


Overfull \hbox (1.04349pt too wide) in paragraph at lines 29--31
\OT1/cmr/m/n/10 have been in-flu-enced by glacial ac-tiv-ity. To ex-plore if de
glacia-tion there-fore im-pacted 
 []


Overfull \hbox (11.6686pt too wide) in paragraph at lines 29--31
\OT1/cmr/m/n/10 CO$[]$ flux we cou-pled a model of glacial load-ing over the la
st $\OMS/cmsy/m/n/10 ^^X$\OT1/cmr/m/n/10 120ka to melt gen-er-a-tion 
 []


Overfull \hbox (22.43245pt too wide) in paragraph at lines 29--31
\OT1/cmr/m/n/10 and trans-port. We find that a nu-anced re-la-tion-ship ex-ists
 be-tween mag-ma-tism and glacial 
 []


Overfull \hbox (11.27963pt too wide) in paragraph at lines 29--31
\OT1/cmr/m/n/10 ac-tiv-ity. En-hanced CO$[]$ de-gassing hap-pened prior to the 
main phase of late-Pleistocene 
 []


Overfull \hbox (1.26564pt too wide) in paragraph at lines 29--31
\OT1/cmr/m/n/10 deglacia-tion, and it is sen-si-tive to the du-ra-tion of the g
rowth of the ice sheet en-ter-ing 
 []


Overfull \hbox (5.58492pt too wide) in paragraph at lines 29--31
\OT1/cmr/m/n/10 into the LGM, as well as the rate of ice loss. Ice sheet growth
 de-presses melt-ing in the 
 []


Overfull \hbox (6.14067pt too wide) in paragraph at lines 29--31
\OT1/cmr/m/n/10 up-per man-tle, cre-at-ing a de-layed pulse of CO$[]$ out-gassi
ng as the mag-matic sys-tem re- 
 []


LaTeX Font Warning: Font shape `OT1/cmr/m/n' in size <10.5> not available
(Font)              size <10.95> substituted on input line 33.


LaTeX Font Warning: Font shape `OT1/cmr/bx/n' in size <10.5> not available
(Font)              size <10.95> substituted on input line 33.


Overfull \hbox (1.93228pt too wide) in paragraph at lines 35--36
[]\OT1/cmr/m/n/10 Evidence from sev-eral tec-tonic set-tings in-di-cates that g
laciated vol-canic sys-tems 
 []


Overfull \hbox (17.16849pt too wide) in paragraph at lines 35--36
\OT1/cmr/m/n/10 re-spond to chang-ing ice vol-umes (Glazner, Man-ley, Mar-ron, 
& Ro-js-taczer, 1999; Jellinek, 
 []


Overfull \hbox (41.94638pt too wide) in paragraph at lines 35--36
\OT1/cmr/m/n/10 Mange, & Saar, 2004; Jull & McKen-zie, 1996; Maclen-nan, Jull, 
McKen-zie, Slater, & Gronv^^?old, 
 []


Overfull \hbox (16.32127pt too wide) in paragraph at lines 35--36
\OT1/cmr/m/n/10 2002; Raw-son et al.[], 2016; Sig-vald-son, An-nertz, & Nils-so
n, 1992), and sug-gests there was 
 []


Overfull \hbox (26.68236pt too wide) in paragraph at lines 35--36
\OT1/cmr/m/n/10 a widespread vol-canic re-sponse to late-Pleistocene ice re-tre
at (Huy-bers & Lang-muir, 2009). 
 []


Overfull \hbox (11.4879pt too wide) in paragraph at lines 35--36
\OT1/cmr/m/n/10 The most com-pelling ev-i-dence for climate-coupled vol-can-ism
 comes from Ice-land, where 
 []


Overfull \hbox (1.04343pt too wide) in paragraph at lines 35--36
\OT1/cmr/m/n/10 changes in early Holocene lava vol-umes and magma chem-istry ar
e con-sis-tent with de- 
 []


Overfull \hbox (11.29358pt too wide) in paragraph at lines 35--36
\OT1/cmr/m/n/10 pres-sur-iza-tion dur-ing glacial un-load-ing (Jull & McKen-zie
, 1996; Maclen-nan et al.[], 2002; 
 []


Overfull \hbox (28.47408pt too wide) in paragraph at lines 35--36
\OT1/cmr/m/n/10 Sin-ton, Gr^^?onvold, & Sae-mu-nds-son, 2005). Magma gen-er-a-t
ion oc-curs due to pressure-release 
 []


Overfull \hbox (12.04344pt too wide) in paragraph at lines 35--36
\OT1/cmr/m/n/10 melt-ing, as the man-tle up-wells be-neath rift zones. Al-thoug
h the net change in over-bur- 
 []


Overfull \hbox (4.84895pt too wide) in paragraph at lines 35--36
\OT1/cmr/m/n/10 den pres-sures from vari-a-tions in ice cover are rel-a-tively 
small, the high rates of change 
 []


Overfull \hbox (5.76575pt too wide) in paragraph at lines 35--36
\OT1/cmr/m/n/10 as-so-ci-ated with glacial ac-tiv-ity can pro-duce sig-nif-i-ca
nt short-term fluc-tu-a-tions in mag- 
 []


Overfull \hbox (7.40471pt too wide) in paragraph at lines 35--36
\OT1/cmr/m/n/10 matic out-put (Bur-ley & Katz, 2015; Crow-ley, Katz, Huy-bers, 
Lang-muir, & Park, 2015; 
 []


Overfull \hbox (17.37697pt too wide) in paragraph at lines 35--36
\OT1/cmr/m/n/10 Huy-bers & Lang-muir, 2009; Lund & Asi-mow, 2011). Car-bon read
-ily par-ti-tions into mag- 
 []


Overfull \hbox (4.34906pt too wide) in paragraph at lines 35--36
\OT1/cmr/m/n/10 mas dur-ing par-tial melt-ing (Rosen-thal, Hauri, & Hirschmann,
 2015) and is re-leased as 
 []


Overfull \hbox (1.33511pt too wide) in paragraph at lines 35--36
\OT1/cmr/m/n/10 CO$[]$ gas at lower crustal pres-sures, mak-ing vol-can-ism the
 pri-mary path-way for trans- 
 []


Overfull \hbox (1.90466pt too wide) in paragraph at lines 35--36
\OT1/cmr/m/n/10 port-ing car-bon from the Earth's man-tle to the at-mo-sphere (
Das-gupta & Hirschmann, 
 []


Overfull \hbox (10.09906pt too wide) in paragraph at lines 35--36
\OT1/cmr/m/n/10 2010). Car-bon is con-cen-trated in early formed magma and does
 not en-ter the melt uni- 
 []


Overfull \hbox (28.43243pt too wide) in paragraph at lines 35--36
\OT1/cmr/m/n/10 formly over time. There-fore the ex-tent to which glacially dri
ven changes in pri-mary magma 
 []


Overfull \hbox (7.83516pt too wide) in paragraph at lines 35--36
\OT1/cmr/m/n/10 gen-er-a-tion al-ter the flux of CO$[]$ de-pends on where in th
e melt-ing col-umn melt pro-duc- 
 []


Overfull \hbox (9.9601pt too wide) in paragraph at lines 35--36
\OT1/cmr/m/n/10 tion is en-hanced, the rate of melt trans-port, and the his-tor
y of ice sheet growth and re- 
 []


Overfull \hbox (2.14067pt too wide) in paragraph at lines 37--38
[]\OT1/cmr/m/n/10 Global data sets of the num-ber of vol-canic erup-tions throu
gh-out the Pleis-tocene 
 []


Overfull \hbox (0.23785pt too wide) in paragraph at lines 37--38
\OT1/cmr/m/n/10 would sug-gest there is a cor-re-la-tion be-tween cli-matic cha
nge and vol-can-sim (Huy-bers 
 []


Overfull \hbox (3.71017pt too wide) in paragraph at lines 37--38
\OT1/cmr/m/n/10 & Lang-muir, 2009), yet data res-o-lu-tion makes test-ing this 
as-so-ci-a-tion dif-fi-cult. In Ice- 
 []


Overfull \hbox (22.0713pt too wide) in paragraph at lines 37--38
\OT1/cmr/m/n/10 land there are just over 300 pub-lished dated anal-y-sis of the
 Nb com-po-si-tion of Pleis-tocene 
 []


Overfull \hbox (3.51567pt too wide) in paragraph at lines 37--38
\OT1/cmr/m/n/10 lavas. This is ar-guably the most com-plete geo-chem-i-cal reco
rd within a re-gion that ex- 
 []


Overfull \hbox (17.21013pt too wide) in paragraph at lines 37--38
\OT1/cmr/m/n/10 pe-ri-enced sig-nif-i-cant Pleis-tocene deglacia-tion. In this 
study we take a new ap-proach, and 
 []


Overfull \hbox (0.48788pt too wide) in paragraph at lines 37--38
\OT1/cmr/m/n/10 use a high res-o-lu-tion model of ice sheet his-tory to drive a
 for-ward model of melt gen- 
 []


Overfull \hbox (0.46016pt too wide) in paragraph at lines 37--38
\OT1/cmr/m/n/10 er-a-tion and trans-port. We pre-dict the change in erup-tion r
ates and melt com-po-si-tion 
 []


Overfull \hbox (2.93239pt too wide) in paragraph at lines 37--38
\OT1/cmr/m/n/10 as a func-tion of the chang-ing sur-face load, and also val-i-d
ate the pre-dicted melt poros- 
 []


Overfull \hbox (7.79341pt too wide) in paragraph at lines 37--38
\OT1/cmr/m/n/10 ity against the seis-mic struc-ture im-aged be-low Ice-land. We
 sub-se-quently ex-plore un-der 
 []


Overfull \hbox (13.72415pt too wide) in paragraph at lines 37--38
\OT1/cmr/m/n/10 what con-di-tions cli-mate and mag-ma-tism might be re-lated, a
nd the im-pli-ca-tions for CO$[]$ 
 []


Overfull \hbox (1.76572pt too wide) in paragraph at lines 41--42
[]\OT1/cmr/m/n/10 To in-ves-ti-gate the im-pact of glacial ac-tiv-ity on melt p
ro-duc-tiv-ity, melt com-po-si- 
 []


Overfull \hbox (3.14078pt too wide) in paragraph at lines 41--42
\OT1/cmr/m/n/10 tion, and CO$[]$ flux, we used a model of magma gen-er-a-tion a
nd trans-port cou-pled to a 
 []


Overfull \hbox (6.34895pt too wide) in paragraph at lines 41--42
\OT1/cmr/m/n/10 flex-u-ral model for the re-sponse to change in load due to the
 ice sheet his-tory (see Sup- 
 []


Overfull \hbox (13.84904pt too wide) in paragraph at lines 41--42
\OT1/cmr/m/n/10 ple-men-tary Ma-te-rial). The cou-pled model con-sists of a fle
x-u-ral model of the sur-face dis- 
 []


Overfull \hbox (4.71pt too wide) in paragraph at lines 41--42
\OT1/cmr/m/n/10 place-ment due to the chang-ing sur-face load as the ice sheet 
changes in thick-ness. This 
 []


Overfull \hbox (19.3212pt too wide) in paragraph at lines 41--42
\OT1/cmr/m/n/10 model of sur-face dis-place-ment is then cou-pled to ei-ther a 
1D ver-ti-cal col-umn or a 2D cor- 
 []


Overfull \hbox (8.73781pt too wide) in paragraph at lines 41--42
\OT1/cmr/m/n/10 ner flow model where the flow of the man-tle is pre-scribed at 
ei-ther an up-welling rate of 
 []


Overfull \hbox (13.57115pt too wide) in paragraph at lines 41--42
\OT1/cmr/m/n/10 10 or $20 mm yr[]$, or lat-eral spread-ing rate of $10 mm yr[]$
. The higher up-welling rate in- 
 []


Overfull \hbox (1.82123pt too wide) in paragraph at lines 41--42
\OT1/cmr/m/n/10 cor-po-rates the pos-si-ble ac-tive ef-fects of the Ice-landic 
man-tle plume (Kok-felt, Ho-ernle, 
 []


Overfull \hbox (13.08519pt too wide) in paragraph at lines 41--42
\OT1/cmr/m/n/10 & Hauff, 2003; Maclen-nan, McKen-zie, & Gronv^^?old, 2001). The
 up-welling col-umn is per- 
 []


Overfull \hbox (14.79347pt too wide) in paragraph at lines 41--42
\OT1/cmr/m/n/10 turbed by the dis-place-ment due to load-ing, where the vis-coe
las-tic de-cay time of the load 
 []


Overfull \hbox (5.01569pt too wide) in paragraph at lines 41--42
\OT1/cmr/m/n/10 is set to 1000 yrs. Car-bon par-ti-tion-ing into the melt is as
-sumed to be gov-erned by the 
 []


Overfull \hbox (22.79344pt too wide) in paragraph at lines 41--42
\OT1/cmr/m/n/10 co-ef-fi-cients de-rived by Rosen-thal et al.[] (2015), and the
 man-tle is as-sumed to be a de-pleted 
 []


Overfull \hbox (16.29352pt too wide) in paragraph at lines 41--42
\OT1/cmr/m/n/10 mix of prim-i-tive man-tle and MORB. To ap-prox-i-mate this de-
ple-tion we as-sume a solidus- 
 []


Overfull \hbox (6.224pt too wide) in paragraph at lines 41--42
\OT1/cmr/m/n/10 depletion gra-di-ent of $800 []C$ in line with melt-ing ex-per-
i-ments on de-pleted man-tle (Wa- 
 []

[2]
Overfull \hbox (12.76575pt too wide) in paragraph at lines 43--44
[]\OT1/cmr/m/n/10 The sur-face ex-pres-sion of par-tial melt-ing to glacial loa
d-ing/unloading is in-flu-enced 
 []


Overfull \hbox (9.09906pt too wide) in paragraph at lines 43--44
\OT1/cmr/m/n/10 pri-mar-ily by the rate at which the melt per-co-lates through 
the man-tle (Bur-ley & Katz, 
 []


Overfull \hbox (12.9324pt too wide) in paragraph at lines 43--44
\OT1/cmr/m/n/10 2015). To con-strain the per-me-abil-ity of melt trans-port, we
 ex-am-ined the ef-fects of vary- 
 []


Overfull \hbox (10.98792pt too wide) in paragraph at lines 43--44
\OT1/cmr/m/n/10 ing the per-me-abil-ity co-ef-fi-cient on the seis-mic prop-er-
ties of the man-tle pro-duced by our 
 []


Overfull \hbox (6.5156pt too wide) in paragraph at lines 43--44
\OT1/cmr/m/n/10 1-D model. The ther-mal struc-ture and poros-ity was con-verted
 to S-wave ve-loc-i-ties, as- 
 []


Overfull \hbox (43.54366pt too wide) in paragraph at lines 43--44
\OT1/cmr/m/n/10 sum-ing that melt re-duces the ve-loc-ity by 7.9% per per-cent 
poros-ity (Ham-mond & Humphreys, 
 []


Overfull \hbox (5.47412pt too wide) in paragraph at lines 43--44
\OT1/cmr/m/n/10 2000) and in-clud-ing the ef-fects of at-ten-u-a-tion (Goes, Ar
-mitage, Har-mon, Huis-mans, & 
 []


Overfull \hbox (10.15454pt too wide) in paragraph at lines 43--44
\OT1/cmr/m/n/10 Smith, 2012). Re-cent joint in-ver-sion of tele-seis-mic and am
-bi-ent noise Rayleigh waves in 
 []


Overfull \hbox (1.0714pt too wide) in paragraph at lines 43--44
\OT1/cmr/m/n/10 of 50 to 150km (Har-mon & Rychert, 2016) (Fig-ure 1[]). We find
 that the per-me-abil-ity 
 []


Overfull \hbox (0.18222pt too wide) in paragraph at lines 43--44
\OT1/cmr/m/n/10 large and the S-wave ve-loc-ity would de-crease be-low the ob-s
erved val-ues. This per-me- 
 []


Overfull \hbox (2.96013pt too wide) in paragraph at lines 43--44
\OT1/cmr/m/n/10 abil-ity is an or-der of mag-ni-tude higher than the up-per ran
ge used to ex-plore how sea- 
 []


Overfull \hbox (12.46022pt too wide) in paragraph at lines 43--44
\OT1/cmr/m/n/10 level change might in-flu-ence mid-ocean ridge (MOR) mag-ma-tis
m (Bur-ley & Katz, 2015; 
 []


Overfull \hbox (5.1684pt too wide) in paragraph at lines 43--44
\OT1/cmr/m/n/10 Crow-ley et al.[], 2015), and sug-gests rates of mag-matic as-c
ent of the or-der of $10 m yr[]$. 
 []


Overfull \hbox (12.37686pt too wide) in paragraph at lines 43--44
\OT1/cmr/m/n/10 Pre-vi-ously it has been sug-gested that de-lays in sig-nal pro
p-a-ga-tion from the zone of par- 
 []


Overfull \hbox (1.62677pt too wide) in paragraph at lines 43--44
\OT1/cmr/m/n/10 tial melt-ing at MORs to the sur-face might be of the or-der of
 a Milankovitch-scale pe- 
 []


Overfull \hbox (2.48805pt too wide) in paragraph at lines 43--44
\OT1/cmr/m/n/10 riod, 40kyr (Huy-bers & Lang-muir, 2017). How-ever, the high pe
r-me-abil-ity re-quired to 
 []


Overfull \hbox (15.04349pt too wide) in paragraph at lines 43--44
\OT1/cmr/m/n/10 match the seis-mic ob-ser-va-tions from Ice-land im-plies a mag
-matic sys-tem that much more 
 []


Overfull \hbox (0.21013pt too wide) in paragraph at lines 43--44
\OT1/cmr/m/n/10 rapidly re-sponds to change in melt-ing con-di-tions, which is 
in agree-ment with the fast 
 []


Overfull \hbox (15.59897pt too wide) in paragraph at lines 47--48
[]\OT1/cmr/m/n/10 Iceland ex-pe-ri-enced ex-ten-sive ice-cover dur-ing the last
 glacial pe-riod (Pat-ton, Hub- 
 []


Overfull \hbox (4.71011pt too wide) in paragraph at lines 47--48
\OT1/cmr/m/n/10 bard, Brad-well, & Schomackere, 2017), with max-i-mum thick-nes
ses in the cen-ter of the 
 []


Overfull \hbox (8.77974pt too wide) in paragraph at lines 47--48
\OT1/cmr/m/n/10 is-land of $\OMS/cmsy/m/n/10 ^^X$ \OT1/cmr/m/n/10 2km at-tained
 by $\OMS/cmsy/m/n/10 ^^X$\OT1/cmr/m/n/10 23ka (Fig-ure 2[]a and b). Deglacia-t
ion af-ter the LGM oc- 
 []


Overfull \hbox (10.09901pt too wide) in paragraph at lines 47--48
\OT1/cmr/m/n/10 curred at a vary-ing rate, and was dis-con-tin-u-ous. For ex-am
-ple, a stage of re-advance oc- 
 []


Overfull \hbox (29.23807pt too wide) in paragraph at lines 47--48
\OT1/cmr/m/n/10 curred dur-ing the colder cli-mate of the Younger Dryas (11.7-1
2.9ka) (Nor-dahl & Ing^^Solfsson, 
 []


Overfull \hbox (24.26578pt too wide) in paragraph at lines 47--48
\OT1/cmr/m/n/10 2015). The fi-nal phase of deglacia-tion was par-tic-u-larly ra
pid, with the main vol-canic zones 
 []


Overfull \hbox (0.18245pt too wide) in paragraph at lines 47--48
\OT1/cmr/m/n/10 be-ing largely ice free by $\OMS/cmsy/m/n/10 ^^X$\OT1/cmr/m/n/1
0 10ka (Fig-ure 2[]a). The most un-cer-tain pe-riod of the glacial 
 []


Overfull \hbox (6.69603pt too wide) in paragraph at lines 47--48
\OT1/cmr/m/n/10 his-tory is the pre-LGM growth of the ice sheet. To cre-ate the
 ice sheet his-to-ries shown 
 []


Overfull \hbox (21.94623pt too wide) in paragraph at lines 47--48
\OT1/cmr/m/n/10 in Fig-ure 2[]b and Fig-ure 3[]a we cal-i-brated the ice vol-um
e since the LGM against the North 
 []


Overfull \hbox (7.69957pt too wide) in paragraph at lines 47--48
\OT1/cmr/m/n/10 Green-land Ice Core Project (NGRIP) $\OML/cmm/m/it/10 ^^N[]$\OT
1/cmr/m/n/10 O record, and Qua-ter-nary sea-level curves as- 
 []


Overfull \hbox (18.62675pt too wide) in paragraph at lines 47--48
\OT1/cmr/m/n/10 sum-ing a lin-ear cor-re-la-tion be-tween these three sig-nals 
(see Sup-ple-men-tary Ma-te-rial Text 
 []


Overfull \hbox (22.0017pt too wide) in paragraph at lines 47--48
\OT1/cmr/m/n/10 S1). We fo-cus on two sce-nar-ios: M1, based on the ICE-5G sea-
level curves (Peltier, 2004), 
 []


Overfull \hbox (2.34901pt too wide) in paragraph at lines 47--48
\OT1/cmr/m/n/10 and M2, based on the sea-level curves of Pico, Crev-el-ing, and
 Mitr-vica (2017) (Fig-ure 
 []


Overfull \hbox (12.9324pt too wide) in paragraph at lines 49--50
[]\OT1/cmr/m/n/10 We force our melt model with the 120ka glacial his-tory af-te
r a 5 Myr model wind- 
 []


Overfull \hbox (7.76575pt too wide) in paragraph at lines 49--50
\OT1/cmr/m/n/10 up to steady state (model M1, Fig-ure 2[]b). The model pre-dict
s peaks in mag-matic out- 
 []


Overfull \hbox (17.97409pt too wide) in paragraph at lines 49--50
\OT1/cmr/m/n/10 put and CO$[]$ flux as pres-sure changes due to load-ing and un
-load-ing im-pact the melt pro- 
 []


Overfull \hbox (2.0434pt too wide) in paragraph at lines 49--50
\OT1/cmr/m/n/10 duc-tion rate (Fig-ure 2[]). The re-sponse of the mag-matic sys
-tem to changes in ice cover 
 []


Overfull \hbox (11.5434pt too wide) in paragraph at lines 49--50
\OT1/cmr/m/n/10 varies de-pend-ing on the man-tle up-welling rate, the rate-of-
change in ice sheet thick-ness, 
 []


Overfull \hbox (2.33513pt too wide) in paragraph at lines 49--50
\OT1/cmr/m/n/10 and the prior ice sheet his-tory. Glacial load-ing sup-presses 
melt pro-duc-tion, lead-ing to 
 []


Overfull \hbox (7.59909pt too wide) in paragraph at lines 49--50
\OT1/cmr/m/n/10 a de-cline in magma sup-ply (see Sup-ple-men-tary Ma-te-rial, F
ig-ure S3). For ex-am-ple dur- 
 []


Overfull \hbox (7.37677pt too wide) in paragraph at lines 49--50
\OT1/cmr/m/n/10 ing the pe-riod be-tween 35 and 15ka, the growth of the ice she
et re-duces erup-tion rates 
 []


Overfull \hbox (10.57135pt too wide) in paragraph at lines 49--50
\OT1/cmr/m/n/10 be-low 5km of melt per Myr (Fig-ure 2[]c). The re-cov-ery from 
this load-ing oc-curs ini-tially 
 []


Overfull \hbox (7.57114pt too wide) in paragraph at lines 49--50
\OT1/cmr/m/n/10 in the deep-est part of the sys-tem as this re-gion is per-turb
ed the least. Re-cov-ery is also 
 []


Overfull \hbox (1.19612pt too wide) in paragraph at lines 49--50
\OT1/cmr/m/n/10 faster if the man-tle up-welling rate is higher, where an up-we
lling rate of $20 mm yr[]$ is 
 []


Overfull \hbox (26.05737pt too wide) in paragraph at lines 49--50
\OT1/cmr/m/n/10 more re-spon-sive than the equiv-a-lent $10 mm yr[]$ model (Fig
-ure 2[]b). Higher rates of change 
 []


Overfull \hbox (12.96025pt too wide) in paragraph at lines 49--50
\OT1/cmr/m/n/10 in sur-face load-ing will im-pact melt pro-duc-tion more strong
ly such that small mag-ni-tude 
 []


Overfull \hbox (24.21025pt too wide) in paragraph at lines 49--50
\OT1/cmr/m/n/10 but rapid deglacia-tion events, for ex-am-ple at $\OMS/cmsy/m/n
/10 ^^X$\OT1/cmr/m/n/10 85ka, have a rel-a-tively large ef-fect on erup- 
 []


Underfull \vbox (badness 10000) has occurred while \output is active []

 [3]
Overfull \hbox (6.26566pt too wide) in paragraph at lines 51--52
[]\OT1/cmr/m/n/10 The im-pact of deglacia-tion events is mod-u-lated by the up-
welling rate of the solid 
 []


Overfull \hbox (6.1824pt too wide) in paragraph at lines 51--52
\OT1/cmr/m/n/10 man-tle be-cause the up-welling rate con-trols the back-ground 
pro-duc-tiv-ity of the melt-ing 
 []


Overfull \hbox (7.89063pt too wide) in paragraph at lines 51--52
\OT1/cmr/m/n/10 model. At slower up-welling rates, i.e. $10 mm yr[]$, some pe-r
i-ods of deglacia-tion are not 
 []


Overfull \hbox (17.29356pt too wide) in paragraph at lines 51--52
\OT1/cmr/m/n/10 recorded in the flux of magma erupted. An ex-am-ple of this is 
the warm-ing event at 60ka 
 []


Overfull \hbox (0.77948pt too wide) in paragraph at lines 51--52
\OT1/cmr/m/n/10 (Fig-ure 2[]), where the $10 mm yr[]$ up-welling model pro-duce
s no re-sponse in ei-ther the 
 []


Overfull \hbox (3.68228pt too wide) in paragraph at lines 51--52
\OT1/cmr/m/n/10 erup-tion rate or CO$[]$ flux. If how-ever up-welling is more r
apid, $20 mm yr[]$, then there 
 []


Overfull \hbox (2.71008pt too wide) in paragraph at lines 51--52
\OT1/cmr/m/n/10 is a clear pulse in melt erup-tion rate (Fig-ure 2[]). This is 
be-cause poros-ity and pro-duc- 
 []


Overfull \hbox (23.738pt too wide) in paragraph at lines 53--54
[]\OT1/cmr/m/n/10 Our mod-els in-di-cate that deglaciation-enhanced melt pro-du
c-tiv-ity is not only a func- 
 []


Overfull \hbox (4.26572pt too wide) in paragraph at lines 53--54
\OT1/cmr/m/n/10 tion of the rate of deglacia-tion, but is strongly de-pen-dent 
on the pre-ced-ing glacial his- 
 []


Overfull \hbox (8.57118pt too wide) in paragraph at lines 53--54
\OT1/cmr/m/n/10 tory. For ex-am-ple, in the $20 mm yr[]$ up-welling rate model,
 the largest CO$[]$ peak is es- 
 []


Overfull \hbox (8.0992pt too wide) in paragraph at lines 53--54
\OT1/cmr/m/n/10 ti-mated to oc-cur at $\OMS/cmsy/m/n/10 ^^X$\OT1/cmr/m/n/10 60k
a and not dur-ing the vol-u-met-ri-cally larger mag-matic pulse at 
 []


Overfull \hbox (18.4879pt too wide) in paragraph at lines 53--54
\OT1/cmr/m/n/10 the end of the Pleis-tocene (Fig-ure 2[]d). This dif-fer-ence i
s be-cause when the $\OMS/cmsy/m/n/10 ^^X$\OT1/cmr/m/n/10 60ka warm- 
 []


Overfull \hbox (22.01569pt too wide) in paragraph at lines 53--54
\OT1/cmr/m/n/10 ing oc-curred, the melt was en-riched in car-bon due to the pre
-ced-ing rapid glacia-tion. Mag- 
 []


Overfull \hbox (8.51563pt too wide) in paragraph at lines 53--54
\OT1/cmr/m/n/10 mas erupted dur-ing the Late-Pleistocene pulse were more de-ple
ted in car-bon com-pared 
 []


Overfull \hbox (13.54335pt too wide) in paragraph at lines 57--58
[]\OT1/cmr/m/n/10 There are two dis-tinct late Pleis-tocene mag-matic pulses, s
ep-a-rated by the Younger 
 []


Overfull \hbox (11.87677pt too wide) in paragraph at lines 57--58
\OT1/cmr/m/n/10 Dryas cold pe-riod (Fig-ure 3[]a and b). How-ever, for the mode
l M2 ice sheet his-tory there 
 []


Overfull \hbox (31.25171pt too wide) in paragraph at lines 57--58
\OT1/cmr/m/n/10 are three pulses in CO$[]$ flux at the end of the Pleis-tocene,
 due to the faster ice sheet growth 
 []


Overfull \hbox (5.43245pt too wide) in paragraph at lines 57--58
\OT1/cmr/m/n/10 en-ter-ing the LGM from 35 to 25ka in this model (Fig-ure 3[]a 
and e). This peak in CO$[]$ 
 []


Overfull \hbox (11.04358pt too wide) in paragraph at lines 57--58
\OT1/cmr/m/n/10 flux is be-cause the small mag-ni-tude but rapid deglacia-tions
 af-ter 25ka tap melts rich in 
 []


Overfull \hbox (11.40445pt too wide) in paragraph at lines 59--60
[]\OT1/cmr/m/n/10 The ob-served time se-ries of in-com-pat-i-ble trace el-e-men
t con-cen-tra-tions in Ice-landic 
 []


Overfull \hbox (16.65459pt too wide) in paragraph at lines 59--60
\OT1/cmr/m/n/10 mag-mas and ice sheet his-tory have been sug-gested to be stron
gly as-so-ci-ated (Ea-son, Sin- 
 []


Overfull \hbox (0.82127pt too wide) in paragraph at lines 59--60
\OT1/cmr/m/n/10 ton, Gronv^^?old, & Kurz, 2015; Gee, Tay-lor, Thir-wall, & Mur-
ton, 1998; Jull & McKen- 
 []


Overfull \hbox (16.26573pt too wide) in paragraph at lines 59--60
\OT1/cmr/m/n/10 zie, 1996; Maclen-nan et al.[], 2002; Sin-ton et al.[], 2005). 
We find that the pre-dicted change 
 []


Overfull \hbox (25.48795pt too wide) in paragraph at lines 59--60
\OT1/cmr/m/n/10 in Nb, which be-haves in a sim-i-lar way to C dur-ing man-tle m
elt-ing (Rosen-thal et al.[], 2015), 
 []


Overfull \hbox (10.01575pt too wide) in paragraph at lines 59--60
\OT1/cmr/m/n/10 from all our mod-els fit within the range of the ob-ser-va-tion
s (Fig-ure 3[]c). The M2 model 
 []


Overfull \hbox (9.12682pt too wide) in paragraph at lines 59--60
\OT1/cmr/m/n/10 gives the strongest sig-na-ture in Nb con-cen-tra-tions of degl
acia-tion dur-ing the end of the 
 []


Overfull \hbox (11.32118pt too wide) in paragraph at lines 59--60
\OT1/cmr/m/n/10 Pleis-tocene, while the sig-na-ture is more sub-dued in the M1 
ice sheet model (Fig-ure 3[]c). 
 []


Overfull \hbox (7.18228pt too wide) in paragraph at lines 59--60
\OT1/cmr/m/n/10 The 1D for-ward model used is highly ide-alised, and yet the ag
ree-ment be-tween the ob- 
 []


Overfull \hbox (0.93239pt too wide) in paragraph at lines 59--60
\OT1/cmr/m/n/10 ser-va-tions and model is en-cour-ag-ing, and sug-gests the com
-po-si-tional change ob-served 
 []


Overfull \hbox (5.26566pt too wide) in paragraph at lines 59--60
\OT1/cmr/m/n/10 in lavas erupted dur-ing the late-Pleistocene to early Holocene
 is due to rapid deglacia- 
 []


Overfull \hbox (1.22408pt too wide) in paragraph at lines 59--60
\OT1/cmr/m/n/10 tion (Ea-son et al.[], 2015; Gee et al.[], 1998; Maclen-nan et 
al.[], 2002; Sin-ton et al.[], 2005). 
 []


Overfull \hbox (9.93228pt too wide) in paragraph at lines 59--60
\OT1/cmr/m/n/10 This im-plies that the ob-served change in melt com-po-si-tion 
is due to change in ice sheet 
 []


Overfull \hbox (1.4602pt too wide) in paragraph at lines 59--60
\OT1/cmr/m/n/10 load-ing and that the pre-deglaciation vol-can-ism likely re-le
ased a sig-nif-i-cant vol-ume of 
 []


Underfull \vbox (badness 10000) has occurred while \output is active []

 [4]
Overfull \hbox (6.32118pt too wide) in paragraph at lines 61--62
[]\OT1/cmr/m/n/10 The 1D col-umn model will un-der-es-ti-mate the im-pact of ch
ange in deep melt pro- 
 []


Overfull \hbox (11.71014pt too wide) in paragraph at lines 61--62
\OT1/cmr/m/n/10 duc-tiv-ity, as it can-not cap-ture the deep wings of the zone 
of par-tial melt-ing. To ex-plore 
 []


Overfull \hbox (18.4323pt too wide) in paragraph at lines 61--62
\OT1/cmr/m/n/10 the im-pact of this we force a se-ries of 1D mod-els with the v
er-ti-cal flow taken from steady 
 []


Overfull \hbox (14.07132pt too wide) in paragraph at lines 61--62
\OT1/cmr/m/n/10 state cor-ner flow per-turbed by the flex-u-ral re-sponse of th
e deglacia-tion of a 200km wide 
 []


Overfull \hbox (6.77948pt too wide) in paragraph at lines 61--62
\OT1/cmr/m/n/10 ice sheet. The half spread-ing rate is as-sumed to be $10 mm yr
[]$, and the man-tle po-ten- 
 []


Overfull \hbox (3.05734pt too wide) in paragraph at lines 61--62
\OT1/cmr/m/n/10 tial tem-per-a-ture is $1450 []C$. Melt trav-els ver-ti-cally f
rom the zone of par-tial melt-ing in 
 []


Overfull \hbox (23.2936pt too wide) in paragraph at lines 61--62
\OT1/cmr/m/n/10 columns at 0 to 80km from the rift axis (Fig-ure 4[]). We find 
that in the cen-tral zone, from 
 []


Overfull \hbox (1.02962pt too wide) in paragraph at lines 61--62
\OT1/cmr/m/n/10 the ridge cen-tre to 40km dis-tance, the trend in Nb and CO$[]$
 flux is rel-a-tively sim-i-lar, 
 []


Overfull \hbox (14.52974pt too wide) in paragraph at lines 61--62
\OT1/cmr/m/n/10 with a re-duc-tion in Nb at 15ka. At dis-tances greater that 40
km, a peak in Nb and CO$[]$ 
 []


Overfull \hbox (5.98787pt too wide) in paragraph at lines 61--62
\OT1/cmr/m/n/10 flux is pre-dicted to oc-cur with an in-creas-ing de-lay com-pa
red to the cen-tre of ex-ten-sion 
 []


Overfull \hbox (10.51573pt too wide) in paragraph at lines 63--64
[]\OT1/cmr/m/n/10 The full so-lu-tion to the cou-pled equa-tions of magma dy-na
m-ics would sug-gest that 
 []


Overfull \hbox (6.23793pt too wide) in paragraph at lines 63--64
\OT1/cmr/m/n/10 melts gen-er-ated at a dis-tance of up to 60km from the cen-tre
 of ex-ten-sion are ad-vected 
 []


Overfull \hbox (6.9602pt too wide) in paragraph at lines 63--64
\OT1/cmr/m/n/10 to the ridge axis (Katz, 2008). If all of the melt gen-er-ated 
up to 60km from the cen-tre 
 []


Overfull \hbox (11.6407pt too wide) in paragraph at lines 63--64
\OT1/cmr/m/n/10 of ex-ten-sion is erupted, then the CO$[]$ flux is sig-nif-i-ca
ntly in-creased dur-ing the Holocene 
 []


Overfull \hbox (21.57137pt too wide) in paragraph at lines 63--64
\OT1/cmr/m/n/10 due to the ad-di-tion in-put of melt from the dis-tal parts of 
the zone of par-tial melt-ing (Fig- 
 []


Overfull \hbox (6.23788pt too wide) in paragraph at lines 63--64
\OT1/cmr/m/n/10 ure 4[]b). There-fore these low pro-duc-tiv-ity and deep re-gio
ns of the zone of par-tial melt- 
 []


Overfull \hbox (8.40459pt too wide) in paragraph at lines 63--64
\OT1/cmr/m/n/10 ing might be a key ex-porter of man-tle car-bon into the at-mo-
sphere. How-ever, the range 
 []


Overfull \hbox (29.43243pt too wide) in paragraph at lines 63--64
\OT1/cmr/m/n/10 of ob-served Nb con-cen-tra-tions are rel-a-tively sim-i-lar to
 the ax-ial con-cen-tra-tions, from within 
 []


Overfull \hbox (6.21016pt too wide) in paragraph at lines 63--64
\OML/cmm/m/it/10 <$\OT1/cmr/m/n/10 40km of the rift cen-tre (Fig-ure 4[]). This
 would sug-gest that the widest re-gions of the 
 []


Overfull \hbox (0.9046pt too wide) in paragraph at lines 63--64
\OT1/cmr/m/n/10 zone of par-tial melt-ing are not sam-pled by the vol-can-ism i
n the Reyk-janes Ridge and 
 []


Overfull \hbox (9.61285pt too wide) in paragraph at lines 63--64
\OT1/cmr/m/n/10 West-ern Vol-canic Zone, lead-ing to an es-ti-mate of CO$[]$ fl
uxes more in line with the sim- 
 []


Overfull \hbox (12.82143pt too wide) in paragraph at lines 67--68
[]\OT1/cmr/m/n/10 The mod-els im-ply that the deglacia-tion be-gin-ning at 18ka
 and con-tin-u-ing through 
 []


Overfull \hbox (1.16856pt too wide) in paragraph at lines 67--68
\OT1/cmr/m/n/10 the Bolling warm-ing at 14.8ka re-leased sub-stan-tial quan-ti-
ties of CO$[]$ when com-pared 
 []


Overfull \hbox (9.97404pt too wide) in paragraph at lines 67--68
\OT1/cmr/m/n/10 to the last 120ka (Fig-ure 3[]c and Fig-ure 4[]b), and this el-
e-vated CO$[]$ re-lease was be-cause 
 []


Overfull \hbox (4.8212pt too wide) in paragraph at lines 67--68
\OT1/cmr/m/n/10 of the pre-ced-ing growth of the ice sheet. Vol-can-ism dur-ing
 this time would have taken 
 []


Overfull \hbox (16.62688pt too wide) in paragraph at lines 67--68
\OT1/cmr/m/n/10 place in a sub-glacial en-vi-ron-ment and un-sur-pris-ingly doe
s not fea-ture in the post-glacial 
 []


Overfull \hbox (4.87683pt too wide) in paragraph at lines 67--68
\OT1/cmr/m/n/10 sub-aerial record. Ev-i-dence from sub-glacial vol-canic units 
(tuyas) erupted dur-ing this 
 []


Overfull \hbox (0.62688pt too wide) in paragraph at lines 67--68
\OT1/cmr/m/n/10 time pe-riod (Hart-ley, Thor-dar-son, & de Joux, 2016) sug-gest
 vol-u-met-ric and com-po-si- 
 []


Overfull \hbox (8.76572pt too wide) in paragraph at lines 69--70
[]\OT1/cmr/m/n/10 Forcing our model with the long-term 120ka ice sheet his-tory
 pro-duces a pe-ri-odic 
 []


Overfull \hbox (2.47401pt too wide) in paragraph at lines 69--70
\OT1/cmr/m/n/10 flux-ing of CO$[]$ from Ice-landic vol-ca-noes due to ice-loss 
events over this pe-riod, im-ply- 
 []


Overfull \hbox (2.18228pt too wide) in paragraph at lines 69--70
\OT1/cmr/m/n/10 ing a close link be-tween ice dy-nam-ics and mag-matic out-gass
ing. The great-est re-lease 
 []


Overfull \hbox (2.97397pt too wide) in paragraph at lines 69--70
\OT1/cmr/m/n/10 of CO$[]$, how-ever, oc-curred dur-ing the pe-riod of ice-loss 
just be-fore the Younger Dryas 
 []


Overfull \hbox (9.04356pt too wide) in paragraph at lines 69--70
\OT1/cmr/m/n/10 ($\OMS/cmsy/m/n/10 ^^X$\OT1/cmr/m/n/10 14ka), and there-fore be
-fore the largest phase of late-Pleistocene deglacia-tion (Fig-ure 
 []


Overfull \hbox (8.77953pt too wide) in paragraph at lines 69--70
\OT1/cmr/m/n/10 4[]). The con-cen-tra-tion of CO$[]$ re-leased in this mag-mati
c pulse was en-hanced due to the 
 []


Overfull \hbox (7.76573pt too wide) in paragraph at lines 69--70
\OT1/cmr/m/n/10 lack of any sig-nif-i-cant loss of ice vol-ume since $\OMS/cmsy
/m/n/10 ^^X$\OT1/cmr/m/n/10 40ka. This cre-ated a mag-matic sys-tem 
 []


Overfull \hbox (21.66861pt too wide) in paragraph at lines 69--70
\OT1/cmr/m/n/10 ca-pa-ble of flux-ing large vol-umes of car-bon dur-ing the ini
-tial pe-riod of post-LGM deglacia- 
 []


Overfull \hbox (27.02968pt too wide) in paragraph at lines 69--70
\OT1/cmr/m/n/10 tion (both mod-els M1 and M2, Fig-ure 3[]e), and such a pulse o
f at-mo-spheric CO$[]$ is thought 
 []


Overfull \hbox (9.32121pt too wide) in paragraph at lines 69--70
\OT1/cmr/m/n/10 to be recorded at be-tween 15 and 14ka in the EPICA Dome C ice 
core (K^^?ohler, Knorr, 
 []


Overfull \hbox (9.16855pt too wide) in paragraph at lines 69--70
\OT1/cmr/m/n/10 Bu-iron, Louran-tou, & Chap-pel-laz, 2011). It is there-fore po
s-si-ble that this pulse of CO$[]$ 
 []


Overfull \hbox (26.73799pt too wide) in paragraph at lines 69--70
\OT1/cmr/m/n/10 bol-stered the cli-mate warm-ing, and fi-nal phase of deglacia-
tion, that pro-ceeded the Younger 
 []

Missing character: There is no â in font cmr10!
Missing character: There is no € in font cmr10!
Missing character: There is no ™ in font cmr10!

Overfull \hbox (25.55733pt too wide) in paragraph at lines 71--72
[]\OT1/cmr/m/n/10 The CO$[]$ flux due to deglacia-tion is strongly in-flu-enced
 by the prior ice sheet growth. 
 []


Overfull \hbox (2.9601pt too wide) in paragraph at lines 71--72
\OT1/cmr/m/n/10 It is the sus-tained growth of the Ice-landic ice sheet be-fore
 25ka lead to the sig-nif-i-cant 
 []


Overfull \hbox (9.25186pt too wide) in paragraph at lines 71--72
\OT1/cmr/m/n/10 pulse in vol-can-ism and CO$[]$ upon deglacia-tion at the end o
f the Pleis-tocene (Fig-ure 4[]). 
 []


Overfull \hbox (16.21011pt too wide) in paragraph at lines 71--72
\OT1/cmr/m/n/10 This would im-ply that while a rapid loss of mass can trig-ger 
in-creased erup-tions, the im- 
 []


Overfull \hbox (14.16856pt too wide) in paragraph at lines 71--72
\OT1/cmr/m/n/10 pact on at-mo-spheric CO$[]$ con-cen-tra-tions is strongly mod-
u-lated by the full his-tory of the 
 []


Overfull \hbox (14.4879pt too wide) in paragraph at lines 71--72
\OT1/cmr/m/n/10 chang-ing sur-face load. In ef-fect we can-not con-clude that a
ll deglacia-tion events, or other 
 []


Overfull \hbox (6.01573pt too wide) in paragraph at lines 71--72
\OT1/cmr/m/n/10 rapid un-load-ing events due to for ex-am-ple ero-sion, lead to
 a large flux of volatile gases 
 []


Overfull \hbox (15.68233pt too wide) in paragraph at lines 71--72
\OT1/cmr/m/n/10 into the Earths at-mo-sphere. The Earth sys-tem is more com-ple
x that such sim-ple causal- 
 []


Overfull \hbox (2.01572pt too wide) in paragraph at lines 71--72
\OT1/cmr/m/n/10 ity, yet one clear im-pli-ca-tion is that deglacia-tion af-ter 
a pro-longed pe-riod of ice-house 
 []


Underfull \vbox (badness 10000) has occurred while \output is active []

 [5]
Overfull \hbox (10.23799pt too wide) in paragraph at lines 75--76
[]\OT1/cmr/m/n/10 A de-tailed dis-cus-sion of the method-ol-ogy can be found in
 the sup-port-ing in-for-ma- 
 []


Overfull \hbox (26.01578pt too wide) in paragraph at lines 75--76
\OT1/cmr/m/n/10 tion (An-der-sen et al.[], 2004; An-drews, 2008; Ar-mitage, Col
-lier, Min-shull, & Hen-stock, 2011; 
 []


Overfull \hbox (19.68243pt too wide) in paragraph at lines 75--76
\OT1/cmr/m/n/10 Clark et al.[], 2009; Geirsd^^Sottir, 2011; Gib-son & Geist, 20
10; Gurenko & Chaus-si-don, 1995; 
 []


Overfull \hbox (15.32138pt too wide) in paragraph at lines 75--76
\OT1/cmr/m/n/10 Katz, Spiegel-man, & Lang-muir, 2003; Lam-beck & Chap-pel, 2001
; Lam-beck, Rouby, Pur- 
 []


Overfull \hbox (11.47403pt too wide) in paragraph at lines 75--76
\OT1/cmr/m/n/10 cell, Sun, & Sam-bridge, 2014; McKen-zie & O'Nions, 1991; Mille
r, Zhu, Mont^^Sesi, & Gae- 
 []


Overfull \hbox (9.73805pt too wide) in paragraph at lines 75--76
\OT1/cmr/m/n/10 tani, 2014; Ribe, 1985; Scott, 1992; Short-tle & Maclen-nan, 20
11; Sil-beck, 1975; Sleep & 
 []

Missing character: There is no â in font cmr10!
Missing character: There is no € in font cmr10!
Missing character: There is no œ in font cmr10!
Missing character: There is no â in font cmr10!
Missing character: There is no € in font cmr10!
Missing character: There is no  in font cmr10!

Overfull \hbox (15.30731pt too wide) in paragraph at lines 77--79
\OT1/cmr/m/n/10 We would like to thank M. A. Mary Gee (The Uni-ver-sity of West
-ern Aus-tralia) for shar- 
 []


Overfull \hbox (14.48802pt too wide) in paragraph at lines 77--79
\OT1/cmr/m/n/10 ing her Nb com-po-si-tion data from the Reyk-janes Penin-su-lar
, and Tamara Pico (Har-vard 
 []


Overfull \hbox (18.37683pt too wide) in paragraph at lines 77--79
\OT1/cmr/m/n/10 Uni-ver-sity) for shar-ing her sea level curves. John J. Ar-mit
age ac-knowl-edges fund-ing from 
 []


Overfull \hbox (4.73775pt too wide) in paragraph at lines 77--79
\OT1/cmr/m/n/10 an Agence Na-tional de la Recherche (France), Ac-ceul de Cherch
eurs de Haute Niveau, 
 []


Overfull \hbox (67.87494pt too wide) in paragraph at lines 77--79
\OT1/cmr/m/n/10 grant In-ter-Rift. The 1-D melt-ing model is avail-able from $\
OT1/cmtt/m/n/10 https :// bitbucket [] .com / johnjarmitage / 
 []

(./ice-melt-percolate-grl.bbl
Underfull \hbox (badness 10000) in paragraph at lines 14--35
[]\OT1/cmr/m/n/10 Andersen, K. K., Azuma, N., Barnola, J. M., Bigler, M., Bis-c
aye, P., Cail-lon, N., 
 []


Underfull \hbox (badness 2460) in paragraph at lines 14--35
\OT1/cmr/m/n/10 ... White, J. W. C.  (2004).  High-resolution record of north-e
rn hemi-sphere 
 []


Underfull \hbox (badness 7451) in paragraph at lines 78--95
[]\OT1/cmr/m/n/10 Armitage, J. J., Col-lier, J. S., Min-shull, T. A., & Hen-sto
ck, T. J.  (2011).  Thin 
 []


Underfull \hbox (badness 1838) in paragraph at lines 78--95
\OT1/cmr/m/n/10 oceanic crust and flood basalts: India-Seychelles breakup.  \OT
1/cmr/m/it/10 Geo-chem-istry Geo- 
 []


Underfull \hbox (badness 1838) in paragraph at lines 109--124
[]\OT1/cmr/m/n/10 Burley, J. M. A., & Katz, R. F.  (2015).  Vari-a-tions in mid
-ocean ridge CO$[]$ emis- 
 []


Underfull \hbox (badness 1859) in paragraph at lines 109--124
\OT1/cmr/m/n/10 sions driven by glacial cy-cles.  \OT1/cmr/m/it/10 Earth and Pl
an-e-tary Sci-ence Let-ters\OT1/cmr/m/n/10 , \OT1/cmr/m/it/10 426\OT1/cmr/m/n/1
0 , 246- 
 []


Underfull \hbox (badness 10000) in paragraph at lines 136--155
[]\OT1/cmr/m/n/10 Clark, P. U., Dyle, A. S., Shakun, J. D., Carl-son, A. E., Cl
ark, J., Wohl-farth, B., ... 
 []


Underfull \hbox (badness 10000) in paragraph at lines 171--189
[]\OT1/cmr/m/n/10 Crowley, J. W., Katz, R. F., Huy-bers, P., Lang-muir, C. H., 
& Park, S. H.  (2015). 
 []


Underfull \hbox (badness 2556) in paragraph at lines 203--217
[]\OT1/cmr/m/n/10 Dasgupta, R., & Hirschmann, M. M.  (2010).  The deep car-bon 
cy-cle and melt-ing 
 []


Underfull \hbox (badness 7722) in paragraph at lines 203--217
\OT1/cmr/m/n/10 in Earth's in-te-rior.  \OT1/cmr/m/it/10 Earth and Plan-e-tary 
Sci-ence Let-ters\OT1/cmr/m/n/10 , \OT1/cmr/m/it/10 298\OT1/cmr/m/n/10 , 1-13. 
 (doi: 
 []


Underfull \hbox (badness 10000) in paragraph at lines 232--250
[]\OT1/cmr/m/n/10 Eason, D. E., Sin-ton, J. M., Gronv^^?old, K., & Kurz, M. D. 
 (2015).  Ef-fects of 
 []


Underfull \hbox (badness 10000) in paragraph at lines 232--250
\OT1/cmr/m/n/10 deglacia-tion on the petrol-ogy and erup-tive his-tory of the W
est-ern Vol-canic 
 []


Underfull \vbox (badness 1558) has occurred while \output is active []

 [6]
Underfull \hbox (badness 10000) in paragraph at lines 297--313
\OT1/cmr/m/n/10 con-trols chem-i-cal and iso-topic char-ac-ter-is-tics of thole
i-ites from the Reyk-janes 
 []


Underfull \hbox (badness 10000) in paragraph at lines 325--344
[]\OT1/cmr/m/n/10 Geirsd^^Sottir, A.  (2011).  Pliocene and pleis-tocene glacia
-tions of ice-land: a brief 
 []


Underfull \hbox (badness 10000) in paragraph at lines 325--344
\OT1/cmr/m/n/10 overview of the glacial his-tory.  In J. Ehlers, P. L. Gib-bard
, & P. Hughes 
 []


Underfull \hbox (badness 10000) in paragraph at lines 325--344
\OT1/cmr/m/n/10 (Eds.[]), \OT1/cmr/m/it/10 Qua-ter-nary glacia-tions - ex-tent 
and chronol-ogy, a closer look \OT1/cmr/m/n/10 (Vol.[] 15, 
 []


Underfull \hbox (badness 10000) in paragraph at lines 358--373
\OT1/cmr/m/n/10 spheric thick-ness vari-a-tion be-neath gal^^Sapagos.  \OT1/cmr
/m/it/10 Earth and Plan-e-tary Sci-ence 
 []


Underfull \hbox (badness 10000) in paragraph at lines 388--406
[]\OT1/cmr/m/n/10 Glazner, A. F., Man-ley, C. R., Mar-ron, J. S., & Ro-js-tacze
r, S.  (1999).  Fire 
 []


Underfull \hbox (badness 10000) in paragraph at lines 388--406
\OT1/cmr/m/n/10 or ice: An-ti-cor-re-la-tion of vol-can-ism and glacia-tion in 
cal-i-for-nia over the 
 []


Underfull \hbox (badness 10000) in paragraph at lines 388--406
\OT1/cmr/m/n/10 past 800,000 years.  \OT1/cmr/m/it/10 Geo-phys-i-cal Re-saerch 
Let-ters\OT1/cmr/m/n/10 , \OT1/cmr/m/it/10 26\OT1/cmr/m/n/10 , 1759-1762.  (doi
: 
 []


Underfull \hbox (badness 10000) in paragraph at lines 454--469
\OT1/cmr/m/n/10 in-cluded in olivine from ice-landic tholei-ites: Ori-gin by co
n-tin-u-ous melt-ing of a 
 []


Underfull \hbox (badness 5217) in paragraph at lines 483--496
[]\OT1/cmr/m/n/10 Hammond, W. C., & Humphreys, E. D.  (2000).  Up-per man-tle s
eis-mic wave ve- 
 []


Underfull \hbox (badness 2189) in paragraph at lines 483--496
\OT1/cmr/m/n/10 loc-ity: Ef-fects of re-al-is-tic par-tial melt ge-ome-tries.  
\OT1/cmr/m/it/10 Jour-nal of Geo-phys-i-cal Re- 
 []


Underfull \hbox (badness 2020) in paragraph at lines 510--526
[]\OT1/cmr/m/n/10 Harmon, N., & Rychert, C. A.  (2016).  Joint in-ver-sion of t
ele-seis-mic and am-bi-ent 
 []


Underfull \hbox (badness 3769) in paragraph at lines 540--556
\OT1/cmr/m/n/10 of the Askja re-gion, North Ice-land.  \OT1/cmr/m/it/10 Bul-let
-ing of Vol-canol-ogy\OT1/cmr/m/n/10 , \OT1/cmr/m/it/10 78\OT1/cmr/m/n/10 (28).
  (doi: 
 []


Underfull \hbox (badness 5374) in paragraph at lines 570--585
[]\OT1/cmr/m/n/10 Huybers, P., & Lang-muir, C. H.  (2009).  Feed-back be-tween 
deglaca-tion, vol-can- 
 []


Underfull \hbox (badness 3000) in paragraph at lines 599--615
[]\OT1/cmr/m/n/10 Huybers, P., & Lang-muir, C. H.  (2017).  De-layed CO$[]$ emi
s-sions from mid-ocean 
 []


Underfull \hbox (badness 10000) in paragraph at lines 629--646
[]\OT1/cmr/m/n/10 Jellinek, M. A., Mange, M., & Saar, M. O.  (2004).  Did melt-
ing glaciers 
 []


Underfull \hbox (badness 10000) in paragraph at lines 629--646
\OT1/cmr/m/n/10 cause vol-canic erup-tions in east-ern cal-i-for-nia? prob-ing 
the mech-a-nisms 
 []


Underfull \hbox (badness 10000) in paragraph at lines 629--646
\OT1/cmr/m/n/10 of dike for-ma-tion.  \OT1/cmr/m/it/10 Jour-nal of Geo-phys-i-c
al Re-search\OT1/cmr/m/n/10 , \OT1/cmr/m/it/10 109\OT1/cmr/m/n/10 (B09206).  (d
oi: 
 []


Underfull \hbox (badness 2005) in paragraph at lines 686--701
[]\OT1/cmr/m/n/10 Katz, R. F.  (2008).  Magma dy-nam-ics with the en-thalpy met
hod: Bench-mark so- 
 []


Underfull \hbox (badness 1406) in paragraph at lines 686--701
\OT1/cmr/m/n/10 lu-tions and mag-matic fo-cus-ing at mid-ocean ridges.  \OT1/cm
r/m/it/10 Jour-nal of Petrol-ogy\OT1/cmr/m/n/10 , \OT1/cmr/m/it/10 49\OT1/cmr/m
/n/10 , 
 []


Underfull \hbox (badness 10000) in paragraph at lines 746--766
\OT1/cmr/m/n/10 rise in at-mo-spheric CO$[]$ at the on-set of the Bolling/Aller
od: in-situ ice core 
 []


Underfull \hbox (badness 1590) in paragraph at lines 746--766
\OT1/cmr/m/n/10 data ver-sus true at-mo-spheric sig-nals.  \OT1/cmr/m/it/10 Cli
-mate of the Past\OT1/cmr/m/n/10 , \OT1/cmr/m/it/10 7\OT1/cmr/m/n/10 , 473-486.
  (doi: 
 []


Underfull \hbox (badness 10000) in paragraph at lines 780--798
\OT1/cmr/m/n/10 land plume from ra-dial vari-a-tion of $[]$U - $[]$Th dis-e-qui
-lib-ria in post-glacial 
 []


Underfull \hbox (badness 10000) in paragraph at lines 780--798
\OT1/cmr/m/n/10 vol-canic rocks.  \OT1/cmr/m/it/10 Earth and Plan-e-tary Sci-en
ce Let-ters\OT1/cmr/m/n/10 , \OT1/cmr/m/it/10 214\OT1/cmr/m/n/10 , 176-186.  (d
oi: 
 []


Underfull \vbox (badness 10000) has occurred while \output is active []

 [7]
Underfull \hbox (badness 1681) in paragraph at lines 842--861
[]\OT1/cmr/m/n/10 Lambeck, K., Rouby, H., Pur-cell, A., Sun, Y., & Sam-bridge, 
M.  (2014).  Sea level 
 []


Underfull \hbox (badness 10000) in paragraph at lines 842--861
\OT1/cmr/m/n/10 and global ice vol-umes from the Last Glacial Max-i-mum to the 
Holocene. 
 []


Underfull \hbox (badness 10000) in paragraph at lines 842--861
\OT1/cmr/m/it/10 Pro-ceed-ings of the Na-tional Academy of Sci-ences\OT1/cmr/m/
n/10 , \OT1/cmr/m/it/10 111\OT1/cmr/m/n/10 , 15296-15303.  (doi: 
 []


Underfull \hbox (badness 10000) in paragraph at lines 875--890
\OT1/cmr/m/n/10 ma-tism on Mi-lankovitch timescales?  \OT1/cmr/m/it/10 Geo-chem
-istry Geo-physics Geosys-tems\OT1/cmr/m/n/10 , 
 []


Underfull \hbox (badness 7486) in paragraph at lines 906--923
[]\OT1/cmr/m/n/10 Maclennan, J., Jull, M., McKen-zie, D., Slater, L., & Gronv^^
?old, K.  (2002).  The 
 []


Underfull \hbox (badness 1902) in paragraph at lines 906--923
\OT1/cmr/m/n/10 link be-tween vol-can-ism and deglacia-tion in Ice-land.  \OT1/
cmr/m/it/10 Geo-chem-istry Geo-physics 
 []


Underfull \hbox (badness 2894) in paragraph at lines 937--952
\OT1/cmr/m/n/10 der cen-tral Ice-land.  \OT1/cmr/m/it/10 Earth and Plan-e-tary 
Sci-ence Let-ters\OT1/cmr/m/n/10 , \OT1/cmr/m/it/10 194\OT1/cmr/m/n/10 , 67-82.
  (doi: 
 []


Underfull \hbox (badness 1484) in paragraph at lines 994--1011
[]\OT1/cmr/m/n/10 Miller, K. J., Zhu, W., Mont^^Sesi, L. G. J., & Gae-tani, G. 
A.  (2014).  Ex-per-i-men-tal 
 []


Underfull \hbox (badness 10000) in paragraph at lines 1055--1072
\OT1/cmr/m/n/10 tion, sen-si-tiv-ity and rapid re-treat of the Late We-ich-seli
an Ice-landic ice sheet. 
 []


Underfull \hbox (badness 10000) in paragraph at lines 1114--1131
[]\OT1/cmr/m/n/10 Pico, T., Crev-el-ing, J. R., & Mitr-vica, J. X.  (2017).  Se
a-level records from the 
 []


Underfull \hbox (badness 10000) in paragraph at lines 1114--1131
\OT1/cmr/m/n/10 U.S. mid-Atlantic con-strain Lau-ren-tide Ice Sheet ex-tent dur
-ing Ma-rine Iso-tope 
 []


Underfull \hbox (badness 10000) in paragraph at lines 1143--1164
[]\OT1/cmr/m/n/10 Rawson, H., Pyle, D. M., Mather, T. A., Smith, V. S., Fontjin
, K., La-chow-cyz, 
 []


Underfull \hbox (badness 1259) in paragraph at lines 1143--1164
\OT1/cmr/m/n/10 S. M., & Naranjo, J. A.  (2016).  The mag-matic and erup-tive r
e-sponse of arc 
 []


Underfull \hbox (badness 10000) in paragraph at lines 1202--1222
\OT1/cmr/m/n/10 na-tion of C, F, and H par-ti-tion-ing be-tween man-tle min-er-
als and car-bon-ated 
 []


Underfull \hbox (badness 10000) in paragraph at lines 1202--1222
\OT1/cmr/m/n/10 basalt, CO$[]$/Ba and CO$[]$/Nb sys-tem-at-ics of par-tial melt
-ing, and the CO$[]$ 
 []


Underfull \hbox (badness 2368) in paragraph at lines 1234--1251
\OT1/cmr/m/n/10 ridges.  In J. Phipps Mor-gan, D. K. Black-man, & J. M. Sin-ton
 (Eds.[]), \OT1/cmr/m/it/10 Man-tle 
 []


Underfull \hbox (badness 10000) in paragraph at lines 1234--1251
\OT1/cmr/m/it/10 flow and melt gen-er-a-tion at mid-ocean ridges \OT1/cmr/m/n/1
0 (Vol.[] Geo-phys-i-cal Mono-graph 71, 
 []


Underfull \hbox (badness 10000) in paragraph at lines 1265--1281
[]\OT1/cmr/m/n/10 Shorttle, O., & Maclen-nan, J.  (2011).  Com-po-si-tional tre
nds of ice-landic 
 []


Underfull \hbox (badness 10000) in paragraph at lines 1265--1281
\OT1/cmr/m/n/10 basalts: Im-pli-ca-tions for short-length scale litho-log-i-cal
 het-ero-gene-ity in 
 []


Underfull \hbox (badness 10000) in paragraph at lines 1265--1281
\OT1/cmr/m/n/10 man-tle plumes.  \OT1/cmr/m/it/10 Geo-chem-istry Geo-physics Ge
osys-tems\OT1/cmr/m/n/10 , \OT1/cmr/m/it/10 12\OT1/cmr/m/n/10 , Q11008.  (doi: 

 []


Underfull \hbox (badness 10000) in paragraph at lines 1295--1313
[]\OT1/cmr/m/n/10 Sigvaldson, G. E., An-nertz, K., & Nils-son, M.  (1992).  Ef-
fect of glacier load- 
 []


Underfull \hbox (badness 10000) in paragraph at lines 1295--1313
\OT1/cmr/m/n/10 ing/deloading on vol-can-ism: post-glacial vol-canic pro-duc-ti
on rate of the Dyn- 
 []


Underfull \hbox (badness 10000) in paragraph at lines 1295--1313
\OT1/cmr/m/n/10 gjufj^^?oll area, cen-tral Ice-land.  \OT1/cmr/m/it/10 BUl-leti
n of Vol-canol-ogy\OT1/cmr/m/n/10 , \OT1/cmr/m/it/10 54\OT1/cmr/m/n/10 , 385-39
2.  (doi: 
 []


Underfull \vbox (badness 10000) has occurred while \output is active []

 [8]
Underfull \hbox (badness 10000) in paragraph at lines 1325--1339
\OT1/cmr/m/it/10 sum-mer study pro-gram in geo-phys-i-cal fluid dy-nam-ics at t
he woods hole oceano- 
 []


Underfull \hbox (badness 1708) in paragraph at lines 1353--1369
[]\OT1/cmr/m/n/10 Sinton, J., Gr^^?onvold, K., & Sae-mu-nds-son, K.  (2005).  P
ost-glacial erup-tive his-tory 
 []


Underfull \hbox (badness 1342) in paragraph at lines 1353--1369
\OT1/cmr/m/n/10 of the West-ern Vol-canic Zone, Ice-land.  \OT1/cmr/m/it/10 Geo
-chem-istry Geo-physics Geosys-tems\OT1/cmr/m/n/10 , 
 []


Underfull \hbox (badness 10000) in paragraph at lines 1383--1397
[]\OT1/cmr/m/n/10 Sleep, N. H., & Snell, N. S.  (1976).  Ther-mal con-trac-tion
 and flex-ure of mid- 
 []


Underfull \hbox (badness 10000) in paragraph at lines 1383--1397
\OT1/cmr/m/n/10 continent and At-lantic marginal basins.  \OT1/cmr/m/it/10 Geo-
phys-i-cal Jour-nal of the Royal 
 []


Underfull \hbox (badness 2142) in paragraph at lines 1409--1422
[]\OT1/cmr/m/n/10 Spiegelman, M.  (1996).  Geo-chem-i-cal con-se-quences of mel
t trans-port in 2-D: The 
 []


Underfull \hbox (badness 6510) in paragraph at lines 1465--1481
[]\OT1/cmr/m/n/10 Wasylenki, L. E., Baker, M. B., Kent, A. J. R., & Sto-pler, E
. M.  (2003).  Near- 
 []


Underfull \hbox (badness 10000) in paragraph at lines 1465--1481
\OT1/cmr/m/n/10 solidus melt-ing of the shal-low up-per man-tle: par-tial melt-
ing ex-per-i-ments on 
 []

) [9]
<../figures/version05/supp-figure4.png, id=49, 337.38045pt x 159.59625pt>
File: ../figures/version05/supp-figure4.png Graphic file (type png)

<use ../figures/version05/supp-figure4.png>
Package pdftex.def Info: ../figures/version05/supp-figure4.png used on input li
ne 87.
(pdftex.def)             Requested size: 337.37961pt x 159.59584pt.

Underfull \hbox (badness 10000) in paragraph at lines 88--88
[]\OT1/cmr/bx/n/9 Figure  1. \OT1/cmr/m/n/9 Pro-files of poros-ity and S-wave s
eis-mic ve-loc-ity for the two model per-me-abil-i-ties of
 []


Underfull \hbox (badness 10000) in paragraph at lines 88--88
\OT1/cmr/m/n/9 state. (b) S-wave ve-loc-ity from the joint in-ver-sion of tele-
seis-mic and am-bi-ent noise Rayleigh
 []


Underfull \hbox (badness 10000) in paragraph at lines 88--88
\OT1/cmr/m/n/9 waves (Har-mon & Rychert, 2016) and the pre-dicted S-wave pro-fi
le from the high per-me-abil-ity
 []


Underfull \hbox (badness 10000) in paragraph at lines 88--88
\OT1/cmr/m/n/9 case. The model in-cludes the ad-di-tion of the adi-a-batic gra-
di-ent, the an-har-monic ef-fects from the
 []


Underfull \hbox (badness 10000) in paragraph at lines 88--88
\OT1/cmr/m/n/9 min-er-al-ogy and ef-fects of at-ten-u-a-tion (Goes et al.[], 20
12). The dashed line as-sumes melt has no
 []


Underfull \hbox (badness 10000) in paragraph at lines 88--88
\OT1/cmr/m/n/9 ef-fect, the solid line in-cludes a 7.9% re-duc-tion in $\OML/cm
m/m/it/9 V[]$ \OT1/cmr/m/n/9 per per-cent melt (Ham-mond & Humphreys,
 []

<../figures/version05/figure2.png, id=51, 562.0197pt x 273.06015pt>
File: ../figures/version05/figure2.png Graphic file (type png)

<use ../figures/version05/figure2.png>
Package pdftex.def Info: ../figures/version05/figure2.png used on input line 93
.
(pdftex.def)             Requested size: 398.33858pt x 193.54073pt.

Overfull \hbox (0.85359pt too wide) in paragraph at lines 93--94
[][] 
 []


Underfull \hbox (badness 10000) in paragraph at lines 94--94
[]\OT1/cmr/bx/n/9 Figure  2. \OT1/cmr/m/n/9 Re-sponse of the model to pe-ri-odi
c and ob-served ice sheet thick-ness changes of the
 []


Underfull \hbox (badness 10000) in paragraph at lines 94--94
\OT1/cmr/m/n/9 last 120ka. (a) Map of Ice-land show-ing the lo-ca-tions of the 
vol-canic rift zones in or-ange and the
 []


Underfull \hbox (badness 10000) in paragraph at lines 94--94
\OT1/cmr/m/n/9 max-i-mum ex-tent of the ice sheet at the last glacial max-i-mum
 (dashed line). The boxes show the
 []


Underfull \hbox (badness 10000) in paragraph at lines 94--94
\OT1/cmr/m/n/9 lo-ca-tion of the Reyk-janes Penin-su-lar (R. P.) and the West-e
rn Vol-canic Zone (W. V. Z.). (b) The
 []


Underfull \hbox (badness 10000) in paragraph at lines 94--94
\OT1/cmr/m/n/9 ice sheet thick-ness pre-dicted from the ice sheet model M1 over
 the last 120ka. (c) Melt erup-tion
 []


Underfull \hbox (badness 10000) in paragraph at lines 94--94
\OT1/cmr/m/n/9 rate and (d) car-bon flux re-sponse to the step change in ice sh
eet thick-ness: black line, an up-per
 []


Underfull \hbox (badness 1226) in paragraph at lines 94--94
\OT1/cmr/m/n/9 man-tle per-me-abil-ity co-ef-fi-cient of $\OML/cmm/m/it/9 k[] \
OT1/cmr/m/n/9 = 10[] m[]$ and up-welling ve-loc-ity of $10 mm yr[]$, and blue
 []

<../figures/version05/figure3.png, id=52, 517.33275pt x 221.8689pt>
File: ../figures/version05/figure3.png Graphic file (type png)

<use ../figures/version05/figure3.png>
Package pdftex.def Info: ../figures/version05/figure3.png used on input line 99
.
(pdftex.def)             Requested size: 398.33858pt x 170.83957pt.

Overfull \hbox (0.85359pt too wide) in paragraph at lines 99--100
[][] 
 []


Underfull \hbox (badness 10000) in paragraph at lines 100--100
[]\OT1/cmr/bx/n/9 Figure  3. \OT1/cmr/m/n/9 Im-pact of ice sheet grown and de-c
ay on melt erup-tion and com-po-si-tion over the
 []


Underfull \hbox (badness 10000) in paragraph at lines 100--100
\OT1/cmr/m/n/9 last 40ka. (a) Ice sheet mod-els M1 and M2 taken from the sea-le
vel mod-els of Peltier (2004) and
 []


Underfull \hbox (badness 10000) in paragraph at lines 100--100
\OT1/cmr/m/n/9 Pico et al.[] (2017) re-spec-tively. (b) Melt erup-tion rates (i
nkm of melt per Myr): blue solid line,
 []


Underfull \hbox (badness 1584) in paragraph at lines 100--100
\OML/cmm/m/it/9 k[] \OT1/cmr/m/n/9 = 10[] m[]$ with an up-welling rate of $20 m
m yr[]$. The gray re-gion shows es-ti-mated erup-tion
 []


Underfull \hbox (badness 10000) in paragraph at lines 100--100
\OT1/cmr/m/n/9 rates from ge-o-log-i-cal ob-ser-va-tions (5) (in km$[]$ of melt
 per Myr). (c) Ob-served and pre-dicted Nb
 []


Underfull \hbox (badness 10000) in paragraph at lines 100--100
\OT1/cmr/m/n/9 con-cen-tra-tions (ppm), ob-ser-va-tions are from the Reyk-janes
 Penin-sula and the West-ern Vol-canic
 []


Underfull \hbox (badness 10000) in paragraph at lines 100--100
\OT1/cmr/m/n/9 Zone (Ea-son et al.[], 2015; Gee et al.[], 1998; Sin-ton et al.[
], 2005) and are binned at 2.5kyr in-ter-vals
 []


Underfull \hbox (badness 10000) in paragraph at lines 100--100
\OT1/cmr/m/n/9 from 0 to 17.5ka and then at 5kyr in-ter-vals. (d) Pre-dicted va
ri-a-tion of in the con-cen-tra-tion of
 []


Underfull \hbox (badness 10000) in paragraph at lines 100--100
\OT1/cmr/m/n/9 car-bon (ppm) within the erupted melt. (e) Pre-dicted vari-a-tio
n in the flux of CO$[]$, as-sum-ing that
 []


Underfull \hbox (badness 10000) in paragraph at lines 100--100
\OT1/cmr/m/n/9 the flux of CO$[]$ that Ice-landic vol-can-ism cov-ers an area o
f 30,000km$[]$, and CO$[]$ (ppm) = 3.67 C
 []

<../figures/version05/figure4.png, id=53, 267.8808pt x 394.3533pt>
File: ../figures/version05/figure4.png Graphic file (type png)

<use ../figures/version05/figure4.png>
Package pdftex.def Info: ../figures/version05/figure4.png used on input line 10
5.
(pdftex.def)             Requested size: 267.88014pt x 394.35233pt.

Underfull \hbox (badness 10000) in paragraph at lines 106--106
[]\OT1/cmr/bx/n/9 Figure  4. \OT1/cmr/m/n/9 Im-pact of glacial his-tory on off-
axis and on-axis melt-ing. A se-ries of 1D col-umn
 []


Underfull \hbox (badness 10000) in paragraph at lines 106--106
\OT1/cmr/m/n/9 melt-ing mod-els forced by the re-sponse to deglacia-tion (ice s
heet his-tory model M1) where the
 []


Underfull \hbox (badness 10000) in paragraph at lines 106--106
\OT1/cmr/m/n/9 man-tle flow is of steady state cor-ner flow. (a) Nb con-cen-tra
-tions from the cen-tre of ex-ten-sion out
 []


Underfull \hbox (badness 10000) in paragraph at lines 106--106
\OT1/cmr/m/n/9 to 60km from the cen-tre of ex-ten-sion. The mean con-cen-tra-ti
on weighted by the erup-tion rate is
 []


Underfull \hbox (badness 10000) in paragraph at lines 106--106
\OT1/cmr/m/n/9 plot-ted as the thick black line. (b) Pre-dicted CO$[]$ flux fro
m the se-ries of ver-ti-cal melt-ing mod-els.
 []


Underfull \hbox (badness 10000) in paragraph at lines 106--106
\OT1/cmr/m/n/9 The late-Pleistocene erup-tions are typ-i-fied by tuya mag-ma-ti
sm. This will have been the case up
 []


Underfull \hbox (badness 10000) in paragraph at lines 106--106
\OT1/cmr/m/n/9 un-til at least $\OMS/cmsy/m/n/9 ^^X$\OT1/cmr/m/n/9 14ka, where 
ei-ther mag-ma-tism was sup-pressed or when erup-tions oc-curred they
 []


Underfull \hbox (badness 10000) in paragraph at lines 106--106
\OT1/cmr/m/n/9 will have been be-neath at least 1km of ice-cover (Hart-ley et a
l.[], 2016). The sup-pressed melt-ing
 []


Underfull \hbox (badness 10000) in paragraph at lines 106--106
\OT1/cmr/m/n/9 regime will have be-come car-bon rich be-cause the shal-low low-
C melt pro-duc-tion is damped due
 []


Underfull \hbox (badness 10000) in paragraph at lines 106--106
\OT1/cmr/m/n/9 to the ice-sheet load-ing. Upon deglacia-tion there is in-crease
d vol-can-sim, which ini-tially taps the
 []

[10 <../figures/version05/supp-figure4.png> <../figures/version05/figure2.png>]
[11 <../figures/version05/figure3.png>] [12 <../figures/version05/figure4.png>]
(./ice-melt-percolate-grl.aux)

LaTeX Font Warning: Size substitutions with differences
(Font)              up to 0.45pt have occurred.

 ) 
Here is how much of TeX's memory you used:
 3963 strings out of 494185
 55543 string characters out of 6159749
 127435 words of memory out of 5000000
 7270 multiletter control sequences out of 15000+600000
 10564 words of font info for 38 fonts, out of 8000000 for 9000
 422 hyphenation exceptions out of 8191
 50i,8n,37p,1964b,469s stack positions out of 5000i,500n,10000p,200000b,80000s
</usr/share/texlive/texmf-dist/fonts/type1/public/amsfonts/cm/cmbx10.pfb></us
r/share/texlive/texmf-dist/fonts/type1/public/amsfonts/cm/cmbx12.pfb></usr/shar
e/texlive/texmf-dist/fonts/type1/public/amsfonts/cm/cmbx9.pfb></usr/share/texli
ve/texmf-dist/fonts/type1/public/amsfonts/cm/cmmi10.pfb></usr/share/texlive/tex
mf-dist/fonts/type1/public/amsfonts/cm/cmmi6.pfb></usr/share/texlive/texmf-dist
/fonts/type1/public/amsfonts/cm/cmmi7.pfb></usr/share/texlive/texmf-dist/fonts/
type1/public/amsfonts/cm/cmmi9.pfb></usr/share/texlive/texmf-dist/fonts/type1/p
ublic/amsfonts/cm/cmr10.pfb></usr/share/texlive/texmf-dist/fonts/type1/public/a
msfonts/cm/cmr6.pfb></usr/share/texlive/texmf-dist/fonts/type1/public/amsfonts/
cm/cmr7.pfb></usr/share/texlive/texmf-dist/fonts/type1/public/amsfonts/cm/cmr8.
pfb></usr/share/texlive/texmf-dist/fonts/type1/public/amsfonts/cm/cmr9.pfb></us
r/share/texlive/texmf-dist/fonts/type1/public/amsfonts/cm/cmss8.pfb></usr/share
/texlive/texmf-dist/fonts/type1/public/amsfonts/cm/cmsy10.pfb></usr/share/texli
ve/texmf-dist/fonts/type1/public/amsfonts/cm/cmsy5.pfb></usr/share/texlive/texm
f-dist/fonts/type1/public/amsfonts/cm/cmsy6.pfb></usr/share/texlive/texmf-dist/
fonts/type1/public/amsfonts/cm/cmsy7.pfb></usr/share/texlive/texmf-dist/fonts/t
ype1/public/amsfonts/cm/cmsy9.pfb></usr/share/texlive/texmf-dist/fonts/type1/pu
blic/amsfonts/cm/cmti10.pfb></usr/share/texlive/texmf-dist/fonts/type1/public/a
msfonts/cm/cmti9.pfb></usr/share/texlive/texmf-dist/fonts/type1/public/amsfonts
/cm/cmtt10.pfb></usr/share/texlive/texmf-dist/fonts/type1/public/amsfonts/cm/cm
tt9.pfb>
Output written on ice-melt-percolate-grl.pdf (12 pages, 6732051 bytes).
PDF statistics:
 140 PDF objects out of 1000 (max. 8388607)
 95 compressed objects within 1 object stream
 0 named destinations out of 1000 (max. 500000)
 21 words of extra memory for PDF output out of 10000 (max. 10000000)

